#
# There is insufficient memory for the Java Runtime Environment to continue.
# Native memory allocation (malloc) failed to allocate 32744 bytes for ChunkPool::allocate
# Possible reasons:
#   The system is out of physical RAM or swap space
#   In 32 bit mode, the process size limit was hit
# Possible solutions:
#   Reduce memory load on the system
#   Increase physical memory or swap space
#   Check if swap backing store is full
#   Use 64 bit Java on a 64 bit OS
#   Decrease Java heap size (-Xmx/-Xms)
#   Decrease number of Java threads
#   Decrease Java thread stack sizes (-Xss)
#   Set larger code cache with -XX:ReservedCodeCacheSize=
# This output file may be truncated or incomplete.
#
#  Out of Memory Error (allocation.cpp:271), pid=12832, tid=14344
#
# JRE version: Java(TM) SE Runtime Environment (8.0_05-b13) (build 1.8.0_05-b13)
# Java VM: Java HotSpot(TM) 64-Bit Server VM (25.5-b02 mixed mode windows-amd64 compressed oops)
# Failed to write core dump. Minidumps are not enabled by default on client versions of Windows
#

---------------  T H R E A D  ---------------

Current thread (0x00000000151ad000):  JavaThread "C1 CompilerThread2" daemon [_thread_in_native, id=14344, stack(0x0000000016030000,0x0000000016130000)]

Stack: [0x0000000016030000,0x0000000016130000]
Native frames: (J=compiled Java code, j=interpreted, Vv=VM code, C=native code)
V  [jvm.dll+0x308dea]
V  [jvm.dll+0x25def1]
V  [jvm.dll+0x25eb0f]
V  [jvm.dll+0x2564e5]
V  [jvm.dll+0xbcd21]
V  [jvm.dll+0xbd45c]
V  [jvm.dll+0x3fb91b]
V  [jvm.dll+0x3fdae3]
V  [jvm.dll+0x3ff269]
V  [jvm.dll+0x3ff6f4]
V  [jvm.dll+0x3de4a0]
V  [jvm.dll+0x3de870]
V  [jvm.dll+0x3de9a2]
V  [jvm.dll+0x3deb68]
V  [jvm.dll+0x3ded6f]
V  [jvm.dll+0x96702]
V  [jvm.dll+0x96ef3]
V  [jvm.dll+0x2232c4]
V  [jvm.dll+0x27baca]
C  [msvcr100.dll+0x21d9f]
C  [msvcr100.dll+0x21e3b]
C  [kernel32.dll+0x159ed]
C  [ntdll.dll+0x2c541]


Current CompileTask:
C1:  33581  477       3       java.util.Date::normalize (269 bytes)


---------------  P R O C E S S  ---------------

Java Threads: ( => current thread )
  0x00000000151af000 JavaThread "Service Thread" daemon [_thread_blocked, id=14552, stack(0x0000000016e70000,0x0000000016f70000)]
=>0x00000000151ad000 JavaThread "C1 CompilerThread2" daemon [_thread_in_native, id=14344, stack(0x0000000016030000,0x0000000016130000)]
  0x0000000016487800 JavaThread "C2 CompilerThread1" daemon [_thread_blocked, id=14340, stack(0x0000000016cc0000,0x0000000016dc0000)]
  0x0000000016473800 JavaThread "C2 CompilerThread0" daemon [_thread_blocked, id=2608, stack(0x0000000016bc0000,0x0000000016cc0000)]
  0x0000000016470800 JavaThread "Attach Listener" daemon [_thread_blocked, id=14332, stack(0x00000000169f0000,0x0000000016af0000)]
  0x00000000151a2000 JavaThread "Signal Dispatcher" daemon [_thread_blocked, id=14328, stack(0x0000000016870000,0x0000000016970000)]
  0x0000000015145000 JavaThread "Finalizer" daemon [_thread_blocked, id=13072, stack(0x0000000016370000,0x0000000016470000)]
  0x000000001513a000 JavaThread "Reference Handler" daemon [_thread_blocked, id=11440, stack(0x00000000161c0000,0x00000000162c0000)]
  0x000000000035f000 JavaThread "main" [_thread_in_native, id=9532, stack(0x0000000002550000,0x0000000002650000)]

Other Threads:
  0x0000000015136000 VMThread [stack: 0x0000000015ee0000,0x0000000015fe0000] [id=11052]
  0x00000000164da800 WatcherThread [stack: 0x0000000016ff0000,0x00000000170f0000] [id=14560]

VM state:not at safepoint (normal execution)

VM Mutex/Monitor currently owned by a thread: None

Heap:
 PSYoungGen      total 5120K, used 2163K [0x00000000eb500000, 0x00000000ebd80000, 0x0000000100000000)
  eden space 4096K, 33% used [0x00000000eb500000,0x00000000eb65bf38,0x00000000eb900000)
  from space 1024K, 75% used [0x00000000eb900000,0x00000000eb9c0f08,0x00000000eba00000)
  to   space 1024K, 0% used [0x00000000ebc80000,0x00000000ebc80000,0x00000000ebd80000)
 ParOldGen       total 64000K, used 1159K [0x00000000c1e00000, 0x00000000c5c80000, 0x00000000eb500000)
  object space 64000K, 1% used [0x00000000c1e00000,0x00000000c1f21cf8,0x00000000c5c80000)
 Metaspace       used 6258K, capacity 6488K, committed 6784K, reserved 1056768K
  class space    used 776K, capacity 828K, committed 896K, reserved 1048576K

Card table byte_map: [0x0000000011ce0000,0x0000000011ee0000] byte_map_base: 0x00000000116d1000

Marking Bits: (ParMarkBitMap*) 0x00000000709313b0
 Begin Bits: [0x00000000126a0000, 0x0000000013628000)
 End Bits:   [0x0000000013628000, 0x00000000145b0000)

Polling page: 0x0000000000340000

CodeCache: size=245760Kb used=2199Kb max_used=2199Kb free=243560Kb
 bounds [0x0000000002920000, 0x0000000002b90000, 0x0000000011920000]
 total_blobs=747 nmethods=477 adapters=184
 compilation: enabled

Compilation events (10 events):
Event: 31.928 Thread 0x00000000151ad000 nmethod 472 0x0000000002b41650 code [0x0000000002b417c0, 0x0000000002b41a98]
Event: 31.928 Thread 0x00000000151ad000  473       3       java.util.TreeMap::navigableKeySet (27 bytes)
Event: 31.929 Thread 0x00000000151ad000 nmethod 473 0x0000000002b455d0 code [0x0000000002b45740, 0x0000000002b45ab0]
Event: 31.930 Thread 0x00000000151ad000  474   !   3       sun.misc.URLClassPath$JarLoader::checkResource (55 bytes)
Event: 31.930 Thread 0x00000000151ad000 nmethod 474 0x0000000002b45c50 code [0x0000000002b45e00, 0x0000000002b463e8]
Event: 31.985 Thread 0x00000000151ad000  475       3       java.util.zip.ZipEntry::<init> (43 bytes)
Event: 31.985 Thread 0x00000000151ad000 nmethod 475 0x0000000002b41250 code [0x0000000002b413a0, 0x0000000002b41590]
Event: 31.985 Thread 0x00000000151ad000  476       3       java.util.zip.ZipUtils::dosToJavaTime (71 bytes)
Event: 31.985 Thread 0x00000000151ad000 nmethod 476 0x0000000002b46750 code [0x0000000002b468e0, 0x0000000002b46cf8]
Event: 31.985 Thread 0x00000000151ad000  477       3       java.util.Date::normalize (269 bytes)

GC Heap History (10 events):
Event: 12.603 GC heap before
{Heap before GC invocations=5 (full 0):
 PSYoungGen      total 1536K, used 1520K [0x00000000eb500000, 0x00000000eb700000, 0x0000000100000000)
  eden space 1024K, 100% used [0x00000000eb500000,0x00000000eb600000,0x00000000eb600000)
  from space 512K, 96% used [0x00000000eb680000,0x00000000eb6fc010,0x00000000eb700000)
  to   space 512K, 0% used [0x00000000eb600000,0x00000000eb600000,0x00000000eb680000)
 ParOldGen       total 64000K, used 308K [0x00000000c1e00000, 0x00000000c5c80000, 0x00000000eb500000)
  object space 64000K, 0% used [0x00000000c1e00000,0x00000000c1e4d390,0x00000000c5c80000)
 Metaspace       used 4128K, capacity 5016K, committed 5120K, reserved 1056768K
  class space    used 457K, capacity 508K, committed 512K, reserved 1048576K
Event: 12.638 GC heap after
Heap after GC invocations=5 (full 0):
 PSYoungGen      total 1536K, used 512K [0x00000000eb500000, 0x00000000eb900000, 0x0000000100000000)
  eden space 1024K, 0% used [0x00000000eb500000,0x00000000eb500000,0x00000000eb600000)
  from space 512K, 100% used [0x00000000eb600000,0x00000000eb680000,0x00000000eb680000)
  to   space 1024K, 0% used [0x00000000eb800000,0x00000000eb800000,0x00000000eb900000)
 ParOldGen       total 64000K, used 611K [0x00000000c1e00000, 0x00000000c5c80000, 0x00000000eb500000)
  object space 64000K, 0% used [0x00000000c1e00000,0x00000000c1e98c98,0x00000000c5c80000)
 Metaspace       used 4128K, capacity 5016K, committed 5120K, reserved 1056768K
  class space    used 457K, capacity 508K, committed 512K, reserved 1048576K
}
Event: 13.172 GC heap before
{Heap before GC invocations=6 (full 0):
 PSYoungGen      total 1536K, used 1536K [0x00000000eb500000, 0x00000000eb900000, 0x0000000100000000)
  eden space 1024K, 100% used [0x00000000eb500000,0x00000000eb600000,0x00000000eb600000)
  from space 512K, 100% used [0x00000000eb600000,0x00000000eb680000,0x00000000eb680000)
  to   space 1024K, 0% used [0x00000000eb800000,0x00000000eb800000,0x00000000eb900000)
 ParOldGen       total 64000K, used 611K [0x00000000c1e00000, 0x00000000c5c80000, 0x00000000eb500000)
  object space 64000K, 0% used [0x00000000c1e00000,0x00000000c1e98c98,0x00000000c5c80000)
 Metaspace       used 4328K, capacity 5176K, committed 5504K, reserved 1056768K
  class space    used 483K, capacity 540K, committed 640K, reserved 1048576K
Event: 13.678 GC heap after
Heap after GC invocations=6 (full 0):
 PSYoungGen      total 3072K, used 723K [0x00000000eb500000, 0x00000000eb900000, 0x0000000100000000)
  eden space 2048K, 0% used [0x00000000eb500000,0x00000000eb500000,0x00000000eb700000)
  from space 1024K, 70% used [0x00000000eb800000,0x00000000eb8b4fe0,0x00000000eb900000)
  to   space 1024K, 0% used [0x00000000eb700000,0x00000000eb700000,0x00000000eb800000)
 ParOldGen       total 64000K, used 611K [0x00000000c1e00000, 0x00000000c5c80000, 0x00000000eb500000)
  object space 64000K, 0% used [0x00000000c1e00000,0x00000000c1e98c98,0x00000000c5c80000)
 Metaspace       used 4328K, capacity 5176K, committed 5504K, reserved 1056768K
  class space    used 483K, capacity 540K, committed 640K, reserved 1048576K
}
Event: 14.431 GC heap before
{Heap before GC invocations=7 (full 0):
 PSYoungGen      total 3072K, used 2771K [0x00000000eb500000, 0x00000000eb900000, 0x0000000100000000)
  eden space 2048K, 100% used [0x00000000eb500000,0x00000000eb700000,0x00000000eb700000)
  from space 1024K, 70% used [0x00000000eb800000,0x00000000eb8b4fe0,0x00000000eb900000)
  to   space 1024K, 0% used [0x00000000eb700000,0x00000000eb700000,0x00000000eb800000)
 ParOldGen       total 64000K, used 611K [0x00000000c1e00000, 0x00000000c5c80000, 0x00000000eb500000)
  object space 64000K, 0% used [0x00000000c1e00000,0x00000000c1e98c98,0x00000000c5c80000)
 Metaspace       used 4833K, capacity 5432K, committed 5504K, reserved 1056768K
  class space    used 556K, capacity 604K, committed 640K, reserved 1048576K
Event: 15.525 GC heap after
Heap after GC invocations=7 (full 0):
 PSYoungGen      total 3072K, used 637K [0x00000000eb500000, 0x00000000ebb00000, 0x0000000100000000)
  eden space 2048K, 0% used [0x00000000eb500000,0x00000000eb500000,0x00000000eb700000)
  from space 1024K, 62% used [0x00000000eb700000,0x00000000eb79f448,0x00000000eb800000)
  to   space 1024K, 0% used [0x00000000eba00000,0x00000000eba00000,0x00000000ebb00000)
 ParOldGen       total 64000K, used 903K [0x00000000c1e00000, 0x00000000c5c80000, 0x00000000eb500000)
  object space 64000K, 1% used [0x00000000c1e00000,0x00000000c1ee1cf8,0x00000000c5c80000)
 Metaspace       used 4833K, capacity 5432K, committed 5504K, reserved 1056768K
  class space    used 556K, capacity 604K, committed 640K, reserved 1048576K
}
Event: 18.873 GC heap before
{Heap before GC invocations=8 (full 0):
 PSYoungGen      total 3072K, used 2685K [0x00000000eb500000, 0x00000000ebb00000, 0x0000000100000000)
  eden space 2048K, 100% used [0x00000000eb500000,0x00000000eb700000,0x00000000eb700000)
  from space 1024K, 62% used [0x00000000eb700000,0x00000000eb79f448,0x00000000eb800000)
  to   space 1024K, 0% used [0x00000000eba00000,0x00000000eba00000,0x00000000ebb00000)
 ParOldGen       total 64000K, used 903K [0x00000000c1e00000, 0x00000000c5c80000, 0x00000000eb500000)
  object space 64000K, 1% used [0x00000000c1e00000,0x00000000c1ee1cf8,0x00000000c5c80000)
 Metaspace       used 5199K, capacity 5816K, committed 6144K, reserved 1056768K
  class space    used 609K, capacity 668K, committed 768K, reserved 1048576K
Event: 19.497 GC heap after
Heap after GC invocations=8 (full 0):
 PSYoungGen      total 5120K, used 692K [0x00000000eb500000, 0x00000000ebb00000, 0x0000000100000000)
  eden space 4096K, 0% used [0x00000000eb500000,0x00000000eb500000,0x00000000eb900000)
  from space 1024K, 67% used [0x00000000eba00000,0x00000000ebaad258,0x00000000ebb00000)
  to   space 1024K, 0% used [0x00000000eb900000,0x00000000eb900000,0x00000000eba00000)
 ParOldGen       total 64000K, used 999K [0x00000000c1e00000, 0x00000000c5c80000, 0x00000000eb500000)
  object space 64000K, 1% used [0x00000000c1e00000,0x00000000c1ef9cf8,0x00000000c5c80000)
 Metaspace       used 5199K, capacity 5816K, committed 6144K, reserved 1056768K
  class space    used 609K, capacity 668K, committed 768K, reserved 1048576K
}
Event: 31.757 GC heap before
{Heap before GC invocations=9 (full 0):
 PSYoungGen      total 5120K, used 4788K [0x00000000eb500000, 0x00000000ebb00000, 0x0000000100000000)
  eden space 4096K, 100% used [0x00000000eb500000,0x00000000eb900000,0x00000000eb900000)
  from space 1024K, 67% used [0x00000000eba00000,0x00000000ebaad258,0x00000000ebb00000)
  to   space 1024K, 0% used [0x00000000eb900000,0x00000000eb900000,0x00000000eba00000)
 ParOldGen       total 64000K, used 999K [0x00000000c1e00000, 0x00000000c5c80000, 0x00000000eb500000)
  object space 64000K, 1% used [0x00000000c1e00000,0x00000000c1ef9cf8,0x00000000c5c80000)
 Metaspace       used 6057K, capacity 6360K, committed 6528K, reserved 1056768K
  class space    used 750K, capacity 828K, committed 896K, reserved 1048576K
Event: 31.827 GC heap after
Heap after GC invocations=9 (full 0):
 PSYoungGen      total 5120K, used 771K [0x00000000eb500000, 0x00000000ebd80000, 0x0000000100000000)
  eden space 4096K, 0% used [0x00000000eb500000,0x00000000eb500000,0x00000000eb900000)
  from space 1024K, 75% used [0x00000000eb900000,0x00000000eb9c0f08,0x00000000eba00000)
  to   space 1024K, 0% used [0x00000000ebc80000,0x00000000ebc80000,0x00000000ebd80000)
 ParOldGen       total 64000K, used 1159K [0x00000000c1e00000, 0x00000000c5c80000, 0x00000000eb500000)
  object space 64000K, 1% used [0x00000000c1e00000,0x00000000c1f21cf8,0x00000000c5c80000)
 Metaspace       used 6057K, capacity 6360K, committed 6528K, reserved 1056768K
  class space    used 750K, capacity 828K, committed 896K, reserved 1048576K
}

Deoptimization events (0 events):
No events

Internal exceptions (10 events):
Event: 31.930 Thread 0x000000000035f000 Exception <a 'java/security/PrivilegedActionException'> (0x00000000eb616c98) thrown at [D:\re\workspace\8-2-build-windows-amd64-cygwin\jdk8u5\2488\hotspot\src\share\vm\prims\jvm.cpp, line 1248]
Event: 31.930 Thread 0x000000000035f000 Exception <a 'java/security/PrivilegedActionException'> (0x00000000eb617578) thrown at [D:\re\workspace\8-2-build-windows-amd64-cygwin\jdk8u5\2488\hotspot\src\share\vm\prims\jvm.cpp, line 1248]
Event: 31.931 Thread 0x000000000035f000 Exception <a 'java/security/PrivilegedActionException'> (0x00000000eb623ad8) thrown at [D:\re\workspace\8-2-build-windows-amd64-cygwin\jdk8u5\2488\hotspot\src\share\vm\prims\jvm.cpp, line 1248]
Event: 31.931 Thread 0x000000000035f000 Exception <a 'java/security/PrivilegedActionException'> (0x00000000eb624428) thrown at [D:\re\workspace\8-2-build-windows-amd64-cygwin\jdk8u5\2488\hotspot\src\share\vm\prims\jvm.cpp, line 1248]
Event: 31.982 Thread 0x000000000035f000 Exception <a 'java/security/PrivilegedActionException'> (0x00000000eb62b948) thrown at [D:\re\workspace\8-2-build-windows-amd64-cygwin\jdk8u5\2488\hotspot\src\share\vm\prims\jvm.cpp, line 1248]
Event: 31.982 Thread 0x000000000035f000 Exception <a 'java/security/PrivilegedActionException'> (0x00000000eb62c2c8) thrown at [D:\re\workspace\8-2-build-windows-amd64-cygwin\jdk8u5\2488\hotspot\src\share\vm\prims\jvm.cpp, line 1248]
Event: 31.983 Thread 0x000000000035f000 Exception <a 'java/security/PrivilegedActionException'> (0x00000000eb635378) thrown at [D:\re\workspace\8-2-build-windows-amd64-cygwin\jdk8u5\2488\hotspot\src\share\vm\prims\jvm.cpp, line 1248]
Event: 31.983 Thread 0x000000000035f000 Exception <a 'java/security/PrivilegedActionException'> (0x00000000eb635ce8) thrown at [D:\re\workspace\8-2-build-windows-amd64-cygwin\jdk8u5\2488\hotspot\src\share\vm\prims\jvm.cpp, line 1248]
Event: 31.984 Thread 0x000000000035f000 Exception <a 'java/security/PrivilegedActionException'> (0x00000000eb640210) thrown at [D:\re\workspace\8-2-build-windows-amd64-cygwin\jdk8u5\2488\hotspot\src\share\vm\prims\jvm.cpp, line 1248]
Event: 31.984 Thread 0x000000000035f000 Exception <a 'java/security/PrivilegedActionException'> (0x00000000eb640b80) thrown at [D:\re\workspace\8-2-build-windows-amd64-cygwin\jdk8u5\2488\hotspot\src\share\vm\prims\jvm.cpp, line 1248]

Events (10 events):
Event: 31.931 loading class org/codehaus/plexus/util/InterpolationFilterReader
Event: 31.931 loading class org/codehaus/plexus/util/InterpolationFilterReader done
Event: 31.931 loading class java/io/FilterReader
Event: 31.981 loading class java/io/FilterReader done
Event: 31.982 loading class org/sonatype/guice/plexus/scanners/PlexusTypeRegistry
Event: 31.982 loading class org/sonatype/guice/plexus/scanners/PlexusTypeRegistry done
Event: 31.983 loading class org/codehaus/plexus/component/annotations/Component
Event: 31.983 loading class org/codehaus/plexus/component/annotations/Component done
Event: 31.984 loading class org/sonatype/guice/plexus/annotations/ComponentImpl
Event: 31.984 loading class org/sonatype/guice/plexus/annotations/ComponentImpl done


Dynamic libraries:
0x000000013f670000 - 0x000000013f6a4000 	C:\Program Files\Java\jdk1.8.0_05\bin\java.exe
0x0000000077a10000 - 0x0000000077bb9000 	C:\Windows\SYSTEM32\ntdll.dll
0x00000000777f0000 - 0x000000007790f000 	C:\Windows\system32\kernel32.dll
0x000007fefdb50000 - 0x000007fefdbbc000 	C:\Windows\system32\KERNELBASE.dll
0x000007fefe6b0000 - 0x000007fefe78b000 	C:\Windows\system32\ADVAPI32.DLL
0x000007feff980000 - 0x000007feffa1f000 	C:\Windows\system32\msvcrt.dll
0x000007fefe990000 - 0x000007fefe9af000 	C:\Windows\SYSTEM32\sechost.dll
0x000007feff850000 - 0x000007feff97d000 	C:\Windows\system32\RPCRT4.dll
0x0000000077910000 - 0x0000000077a0a000 	C:\Windows\system32\USER32.dll
0x000007fefe790000 - 0x000007fefe7f7000 	C:\Windows\system32\GDI32.dll
0x000007fefe980000 - 0x000007fefe98e000 	C:\Windows\system32\LPK.dll
0x000007fefe8b0000 - 0x000007fefe979000 	C:\Windows\system32\USP10.dll
0x000007fefc240000 - 0x000007fefc434000 	C:\Windows\WinSxS\amd64_microsoft.windows.common-controls_6595b64144ccf1df_6.0.7601.17514_none_fa396087175ac9ac\COMCTL32.dll
0x000007fefde10000 - 0x000007fefde81000 	C:\Windows\system32\SHLWAPI.dll
0x000007feffcf0000 - 0x000007feffd1e000 	C:\Windows\system32\IMM32.DLL
0x000007fefe9b0000 - 0x000007fefeab9000 	C:\Windows\system32\MSCTF.dll
0x00000000545a0000 - 0x0000000054672000 	C:\Program Files\Java\jdk1.8.0_05\jre\bin\msvcr100.dll
0x0000000070180000 - 0x00000000709aa000 	C:\Program Files\Java\jdk1.8.0_05\jre\bin\server\jvm.dll
0x000007fef5a70000 - 0x000007fef5a79000 	C:\Windows\system32\WSOCK32.dll
0x000007fefe860000 - 0x000007fefe8ad000 	C:\Windows\system32\WS2_32.dll
0x000007fefe140000 - 0x000007fefe148000 	C:\Windows\system32\NSI.dll
0x000007fefb8f0000 - 0x000007fefb92b000 	C:\Windows\system32\WINMM.dll
0x0000000077bd0000 - 0x0000000077bd7000 	C:\Windows\system32\PSAPI.DLL
0x0000000071550000 - 0x000000007155f000 	C:\Program Files\Java\jdk1.8.0_05\jre\bin\verify.dll
0x000000006ca40000 - 0x000000006ca68000 	C:\Program Files\Java\jdk1.8.0_05\jre\bin\java.dll
0x0000000050000000 - 0x0000000050016000 	C:\Program Files\Java\jdk1.8.0_05\jre\bin\zip.dll
0x000007fefeac0000 - 0x000007feff848000 	C:\Windows\system32\SHELL32.dll
0x000007fefdbe0000 - 0x000007fefdde3000 	C:\Windows\system32\ole32.dll
0x000007fefd830000 - 0x000007fefd83f000 	C:\Windows\system32\profapi.dll
0x000007fef6460000 - 0x000007fef6585000 	C:\Windows\system32\dbghelp.dll

VM Arguments:
jvm_args: -Dclassworlds.conf=C:\Program Files\NetBeans 8.0.1\java\maven\bin\m2.conf -Dmaven.home=C:\Program Files\NetBeans 8.0.1\java\maven 
java_command: org.codehaus.plexus.classworlds.launcher.Launcher -Dmaven.ext.class.path=C:\Program Files\NetBeans 8.0.1\java\maven-nblib\netbeans-eventspy.jar clean
java_class_path (initial): C:\Program Files\NetBeans 8.0.1\java\maven\boot\plexus-classworlds-2.4.jar
Launcher Type: SUN_STANDARD

Environment Variables:
JAVA_HOME=C:\Program Files\Java\jdk1.8.0_05
PATH=C:\Windows\system32;C:\Windows;C:\Windows\System32\Wbem;C:\Windows\System32\WindowsPowerShell\v1.0\;C:\Program Files\TortoiseSVN\bin;C:\Program Files (x86)\Git\cmd;C:\Program Files\SlikSvn\bin;C:\Program Files (x86)\Sophos\Sophos SSL VPN Client\bin
USERNAME=rolando.amarillo
OS=Windows_NT
PROCESSOR_IDENTIFIER=Intel64 Family 6 Model 58 Stepping 9, GenuineIntel



---------------  S Y S T E M  ---------------

OS: Windows 7 , 64 bit Build 7601 Service Pack 1

CPU:total 4 (2 cores per cpu, 2 threads per core) family 6 model 58 stepping 9, cmov, cx8, fxsr, mmx, sse, sse2, sse3, ssse3, sse4.1, sse4.2, popcnt, avx, aes, clmul, erms, ht, tsc, tscinvbit

Memory: 4k page, physical 4064600k(20548k free), swap 16256536k(108884k free)

vm_info: Java HotSpot(TM) 64-Bit Server VM (25.5-b02) for windows-amd64 JRE (1.8.0_05-b13), built on Mar 18 2014 01:08:39 by "java_re" with MS VC++ 10.0 (VS2010)

time: Tue Nov 11 18:47:16 2014
elapsed time: 33 seconds

