JvmtiExport can_access_local_variables 0
JvmtiExport can_hotswap_or_post_breakpoint 0
JvmtiExport can_post_on_exceptions 0
# 151 ciObject found
ciMethod java/nio/Buffer position ()I 1041 1 130 0 -1
ciMethod java/nio/Buffer position (I)Ljava/nio/Buffer; 2065 1 1616 0 -1
ciMethod java/nio/Buffer limit ()I 1065 1 133 0 -1
ciMethod java/nio/Buffer arrayOffset ()I 0 0 1 0 -1
ciMethod java/lang/Character isSupplementaryCodePoint (I)Z 0 0 1 0 -1
ciMethod java/lang/Character isSurrogate (C)Z 0 0 104 0 -1
ciMethod java/lang/Character highSurrogate (I)C 0 0 1 0 -1
ciMethod java/lang/Character lowSurrogate (I)C 0 0 1 0 -1
ciMethod java/lang/Math min (II)I 3081 1 17152 0 -1
ciMethod java/nio/ByteBuffer array ()[B 2073 1 483 0 -1
ciMethod java/nio/ByteBuffer arrayOffset ()I 2057 1 1445 0 -1
ciMethod java/nio/CharBuffer array ()[C 3913 1 488 0 -1
ciMethod java/nio/CharBuffer arrayOffset ()I 2089 1 1487 0 -1
ciMethod java/nio/charset/CoderResult malformedForLength (I)Ljava/nio/charset/CoderResult; 0 0 1 0 -1
ciMethod java/nio/charset/CoderResult$Cache get (I)Ljava/nio/charset/CoderResult; 0 0 1 0 -1
ciMethod java/nio/charset/CoderResult$Cache access$200 (Ljava/nio/charset/CoderResult$Cache;I)Ljava/nio/charset/CoderResult; 0 0 1 0 -1
ciMethod sun/nio/cs/UTF_8 updatePositions (Ljava/nio/Buffer;ILjava/nio/Buffer;I)V 4089 1 511 0 -1
ciMethod sun/nio/cs/UTF_8 access$200 (Ljava/nio/Buffer;ILjava/nio/Buffer;I)V 4089 1 511 0 -1
ciMethod sun/nio/cs/UTF_8$Decoder isNotContinuation (I)Z 0 0 1 0 -1
ciMethod sun/nio/cs/UTF_8$Decoder isMalformed3 (III)Z 0 0 1 0 -1
ciMethod sun/nio/cs/UTF_8$Decoder isMalformed3_2 (II)Z 0 0 1 0 -1
ciMethod sun/nio/cs/UTF_8$Decoder isMalformed4 (III)Z 0 0 1 0 -1
ciMethod sun/nio/cs/UTF_8$Decoder isMalformed4_2 (II)Z 0 0 1 0 -1
ciMethod sun/nio/cs/UTF_8$Decoder isMalformed4_3 (I)Z 0 0 1 0 -1
ciMethod sun/nio/cs/UTF_8$Decoder malformedN (Ljava/nio/ByteBuffer;I)Ljava/nio/charset/CoderResult; 0 0 1 0 -1
ciMethod sun/nio/cs/UTF_8$Decoder malformed (Ljava/nio/ByteBuffer;ILjava/nio/CharBuffer;II)Ljava/nio/charset/CoderResult; 0 0 1 0 -1
ciMethod sun/nio/cs/UTF_8$Decoder malformedForLength (Ljava/nio/ByteBuffer;ILjava/nio/CharBuffer;II)Ljava/nio/charset/CoderResult; 0 0 1 0 -1
ciMethod sun/nio/cs/UTF_8$Decoder xflow (Ljava/nio/Buffer;IILjava/nio/Buffer;II)Ljava/nio/charset/CoderResult; 4097 1 511 0 -1
ciMethod sun/nio/cs/UTF_8$Decoder decodeArrayLoop (Ljava/nio/ByteBuffer;Ljava/nio/CharBuffer;)Ljava/nio/charset/CoderResult; 3753 7241 467 0 -1
ciMethodData java/lang/Math min (II)I 2 17152 orig 144 152 11 114 112 0 0 0 0 240 247 73 20 0 0 0 0 232 0 0 0 0 0 0 0 0 0 0 0 0 0 0 0 0 0 0 0 0 0 0 0 0 0 0 0 0 0 0 0 0 0 0 0 0 0 0 0 0 0 0 0 0 0 0 0 0 0 0 0 0 0 0 0 0 0 0 0 0 0 0 0 0 0 0 0 0 0 0 0 0 0 0 0 0 0 0 0 129 1 0 0 249 11 2 0 1 0 0 0 0 0 0 0 0 0 0 0 0 0 6 0 4 0 1 0 56 0 0 0 255 255 255 255 0 0 0 0 7 0 2 0 0 0 0 0 data 7 0x20007 0x20d1 0x38 0x20ae 0x60003 0x20ae 0x18 oops 0
ciMethodData java/nio/Buffer position (I)Ljava/nio/Buffer; 2 1616 orig 144 152 11 114 112 0 0 0 0 16 229 69 20 0 0 0 0 32 1 0 0 64 0 0 0 0 0 0 0 0 0 0 0 0 0 0 0 0 0 0 0 0 0 0 0 0 0 0 0 0 0 0 0 0 0 0 0 0 0 0 0 0 0 0 0 0 0 0 0 0 0 0 0 0 0 0 0 0 0 0 0 0 0 0 0 0 0 0 0 0 0 0 0 0 0 0 0 2 1 0 0 113 42 0 0 1 0 0 0 0 0 0 0 0 0 0 0 0 0 11 0 3 0 1 0 112 0 0 0 255 255 255 255 0 0 0 0 7 0 5 0 0 0 0 0 data 14 0x50007 0x0 0x40 0x54e 0x90007 0x54e 0x30 0x0 0x100002 0x0 0x210007 0x54e 0x20 0x0 oops 0
ciMethodData java/nio/ByteBuffer arrayOffset ()I 2 1445 orig 144 152 11 114 112 0 0 0 0 144 247 80 20 0 0 0 0 8 1 0 0 32 0 0 0 0 0 0 0 0 0 0 0 0 0 0 0 0 0 0 0 0 0 0 0 0 0 0 0 0 0 0 0 0 0 0 0 0 0 0 0 0 0 0 0 0 0 0 0 0 0 0 0 0 0 0 0 0 0 0 0 0 0 0 0 0 0 0 0 0 0 0 0 0 0 0 0 1 1 0 0 33 37 0 0 1 0 0 0 0 0 0 0 0 0 0 0 0 0 7 0 3 0 1 0 96 0 0 0 255 255 255 255 0 0 0 0 7 0 4 0 0 0 0 0 data 12 0x40007 0x4a4 0x30 0x0 0xb0002 0x0 0x130007 0x4a4 0x30 0x0 0x1a0002 0x0 oops 0
ciMethodData java/nio/CharBuffer arrayOffset ()I 2 1488 orig 144 152 11 114 112 0 0 0 0 32 91 85 20 0 0 0 0 8 1 0 0 32 0 0 0 0 0 0 0 0 0 0 0 0 0 0 0 0 0 0 0 0 0 0 0 0 0 0 0 0 0 0 0 0 0 0 0 0 0 0 0 0 0 0 0 0 0 0 0 0 0 0 0 0 0 0 0 0 0 0 0 0 0 0 0 0 0 0 0 0 0 0 0 0 0 0 0 5 1 0 0 89 38 0 0 1 0 0 0 0 0 0 0 0 0 0 0 0 0 7 0 3 0 1 0 96 0 0 0 255 255 255 255 0 0 0 0 7 0 4 0 0 0 0 0 data 12 0x40007 0x4cb 0x30 0x0 0xb0002 0x0 0x130007 0x4cb 0x30 0x0 0x1a0002 0x0 oops 0
ciMethodData java/lang/Character isSurrogate (C)Z 1 104 orig 144 152 11 114 112 0 0 0 0 240 36 70 20 0 0 0 0 0 1 0 0 0 0 0 0 0 0 0 0 0 0 0 0 0 0 0 0 0 0 0 0 0 0 0 0 0 0 0 0 0 0 0 0 0 0 0 0 0 0 0 0 0 0 0 0 0 0 0 0 0 0 0 0 0 0 0 0 0 0 0 0 0 0 0 0 0 0 0 0 0 0 0 0 0 0 0 0 0 0 0 0 65 3 0 0 1 0 0 0 0 0 0 0 0 0 0 0 0 0 0 0 0 0 1 0 88 0 0 0 255 255 255 255 0 0 0 0 7 0 3 0 0 0 0 0 data 11 0x30007 0x68 0x58 0x0 0x90007 0x0 0x38 0x0 0xd0003 0x0 0x18 oops 0
ciMethod java/lang/UnsupportedOperationException <init> ()V 0 0 1 0 -1
ciMethodData sun/nio/cs/UTF_8$Decoder isNotContinuation (I)Z 1 0 orig 144 152 11 114 112 0 0 0 0 208 214 92 20 0 0 0 0 224 0 0 0 0 0 0 0 0 0 0 0 0 0 0 0 0 0 0 0 0 0 0 0 0 0 0 0 0 0 0 0 0 0 0 0 0 0 0 0 0 0 0 0 0 0 0 0 0 0 0 0 0 0 0 0 0 0 0 0 0 0 0 0 0 0 0 0 0 0 0 0 0 0 0 0 0 0 0 0 0 0 0 0 1 0 0 0 1 0 0 0 0 0 0 0 0 0 0 0 0 0 0 0 0 0 1 0 56 0 0 0 255 255 255 255 0 0 0 0 7 0 8 0 0 0 0 0 data 7 0x80007 0x0 0x38 0x0 0xc0003 0x0 0x18 oops 0
ciMethodData sun/nio/cs/UTF_8$Decoder isMalformed3 (III)Z 1 0 orig 144 152 11 114 112 0 0 0 0 144 215 92 20 0 0 0 0 80 1 0 0 96 0 0 0 0 0 0 0 0 0 0 0 0 0 0 0 0 0 0 0 0 0 0 0 0 0 0 0 0 0 0 0 0 0 0 0 0 0 0 0 0 0 0 0 0 0 0 0 0 0 0 0 0 0 0 0 0 0 0 0 0 0 0 0 0 0 0 0 0 0 0 0 0 0 0 0 0 0 0 0 1 0 0 0 1 0 0 0 0 0 0 0 0 0 0 0 0 0 0 0 0 0 1 0 152 0 0 0 255 255 255 255 0 0 0 0 7 0 3 0 0 0 0 0 data 19 0x30007 0x0 0x40 0x0 0xe0007 0x0 0x60 0x0 0x190007 0x0 0x40 0x0 0x240007 0x0 0x38 0x0 0x280003 0x0 0x18 oops 0
ciMethodData sun/nio/cs/UTF_8$Decoder malformedN (Ljava/nio/ByteBuffer;I)Ljava/nio/charset/CoderResult; 1 0 orig 144 152 11 114 112 0 0 0 0 104 220 92 20 0 0 0 0 48 4 0 0 40 3 0 0 0 0 0 0 0 0 0 0 0 0 0 0 0 0 0 0 0 0 0 0 0 0 0 0 0 0 0 0 0 0 0 0 0 0 0 0 0 0 0 0 0 0 0 0 0 0 0 0 0 0 0 0 0 0 0 0 0 0 0 0 0 0 0 0 0 0 0 0 0 0 0 0 0 0 0 0 1 0 0 0 1 0 0 0 0 0 0 0 0 0 0 0 0 0 0 0 0 0 1 0 120 3 0 0 255 255 255 255 0 0 0 0 8 0 1 0 0 0 0 0 data 111 0x10008 0xa 0x0 0x348 0x0 0x60 0x0 0x60 0x0 0x70 0x0 0x168 0x210002 0x0 0x260005 0x0 0x0 0x0 0x0 0x0 0x2b0005 0x0 0x0 0x0 0x0 0x0 0x320007 0x0 0x40 0x0 0x3d0007 0x0 0x50 0x0 0x410002 0x0 0x440007 0x0 0x38 0x0 0x480003 0x0 0x18 0x4c0002 0x0 0x510005 0x0 0x0 0x0 0x0 0x0 0x5a0005 0x0 0x0 0x0 0x0 0x0 0x660007 0x0 0xf0 0x0 0x6d0007 0x0 0x60 0x0 0x740007 0x0 0xb0 0x0 0x7b0007 0x0 0x90 0x0 0x820007 0x0 0x40 0x0 0x8d0007 0x0 0x50 0x0 0x910002 0x0 0x940007 0x0 0x30 0x0 0x980002 0x0 0x9d0005 0x0 0x0 0x0 0x0 0x0 0xa00002 0x0 0xa30007 0x0 0x30 0x0 0xa70002 0x0 0xac0002 0x0 0xb30007 0x0 0x30 0x0 0xba0002 0x0 oops 0
ciMethodData sun/nio/cs/UTF_8$Decoder isMalformed3_2 (II)Z 1 0 orig 144 152 11 114 112 0 0 0 0 64 216 92 20 0 0 0 0 40 1 0 0 64 0 0 0 0 0 0 0 0 0 0 0 0 0 0 0 0 0 0 0 0 0 0 0 0 0 0 0 0 0 0 0 0 0 0 0 0 0 0 0 0 0 0 0 0 0 0 0 0 0 0 0 0 0 0 0 0 0 0 0 0 0 0 0 0 0 0 0 0 0 0 0 0 0 0 0 0 0 0 0 1 0 0 0 1 0 0 0 0 0 0 0 0 0 0 0 0 0 0 0 0 0 1 0 120 0 0 0 255 255 255 255 0 0 0 0 7 0 3 0 0 0 0 0 data 15 0x30007 0x0 0x40 0x0 0xe0007 0x0 0x40 0x0 0x190007 0x0 0x38 0x0 0x1d0003 0x0 0x18 oops 0
ciMethodData sun/nio/cs/UTF_8$Decoder isMalformed4 (III)Z 1 0 orig 144 152 11 114 112 0 0 0 0 248 216 92 20 0 0 0 0 48 1 0 0 64 0 0 0 0 0 0 0 0 0 0 0 0 0 0 0 0 0 0 0 0 0 0 0 0 0 0 0 0 0 0 0 0 0 0 0 0 0 0 0 0 0 0 0 0 0 0 0 0 0 0 0 0 0 0 0 0 0 0 0 0 0 0 0 0 0 0 0 0 0 0 0 0 0 0 0 0 0 0 0 1 0 0 0 1 0 0 0 0 0 0 0 0 0 0 0 0 0 0 0 0 0 1 0 120 0 0 0 255 255 255 255 0 0 0 0 7 0 8 0 0 0 0 0 data 15 0x80007 0x0 0x60 0x0 0x130007 0x0 0x40 0x0 0x1e0007 0x0 0x38 0x0 0x220003 0x0 0x18 oops 0
ciMethodData java/lang/Character isSupplementaryCodePoint (I)Z 1 0 orig 144 152 11 114 112 0 0 0 0 16 35 70 20 0 0 0 0 0 1 0 0 0 0 0 0 0 0 0 0 0 0 0 0 0 0 0 0 0 0 0 0 0 0 0 0 0 0 0 0 0 0 0 0 0 0 0 0 0 0 0 0 0 0 0 0 0 0 0 0 0 0 0 0 0 0 0 0 0 0 0 0 0 0 0 0 0 0 0 0 0 0 0 0 0 0 0 0 0 0 0 0 1 0 0 0 1 0 0 0 0 0 0 0 0 0 0 0 0 0 0 0 0 0 1 0 88 0 0 0 255 255 255 255 0 0 0 0 7 0 3 0 0 0 0 0 data 11 0x30007 0x0 0x58 0x0 0x90007 0x0 0x38 0x0 0xd0003 0x0 0x18 oops 0
ciMethodData java/lang/Character highSurrogate (I)C 1 0 orig 144 152 11 114 112 0 0 0 0 8 45 70 20 0 0 0 0 168 0 0 0 0 0 0 0 0 0 0 0 0 0 0 0 0 0 0 0 0 0 0 0 0 0 0 0 0 0 0 0 0 0 0 0 0 0 0 0 0 0 0 0 0 0 0 0 0 0 0 0 0 0 0 0 0 0 0 0 0 0 0 0 0 0 0 0 0 0 0 0 0 0 0 0 0 0 0 0 0 0 0 0 1 0 0 0 1 0 0 0 0 0 0 0 0 0 0 0 0 0 0 0 0 0 1 0 0 0 0 0 255 255 255 255 0 0 0 0 0 0 0 0 0 0 0 0 data 0 oops 0
ciMethodData java/lang/Character lowSurrogate (I)C 1 0 orig 144 152 11 114 112 0 0 0 0 160 45 70 20 0 0 0 0 168 0 0 0 0 0 0 0 0 0 0 0 0 0 0 0 0 0 0 0 0 0 0 0 0 0 0 0 0 0 0 0 0 0 0 0 0 0 0 0 0 0 0 0 0 0 0 0 0 0 0 0 0 0 0 0 0 0 0 0 0 0 0 0 0 0 0 0 0 0 0 0 0 0 0 0 0 0 0 0 0 0 0 0 1 0 0 0 1 0 0 0 0 0 0 0 0 0 0 0 0 0 0 0 0 0 1 0 0 0 0 0 255 255 255 255 0 0 0 0 0 0 0 0 0 0 0 0 data 0 oops 0
ciMethodData sun/nio/cs/UTF_8$Decoder isMalformed4_2 (II)Z 1 0 orig 144 152 11 114 112 0 0 0 0 168 217 92 20 0 0 0 0 40 1 0 0 64 0 0 0 0 0 0 0 0 0 0 0 0 0 0 0 0 0 0 0 0 0 0 0 0 0 0 0 0 0 0 0 0 0 0 0 0 0 0 0 0 0 0 0 0 0 0 0 0 0 0 0 0 0 0 0 0 0 0 0 0 0 0 0 0 0 0 0 0 0 0 0 0 0 0 0 0 0 0 0 1 0 0 0 1 0 0 0 0 0 0 0 0 0 0 0 0 0 0 0 0 0 1 0 120 0 0 0 255 255 255 255 0 0 0 0 7 0 4 0 0 0 0 0 data 15 0x40007 0x0 0x40 0x0 0xb0007 0x0 0x40 0x0 0x160007 0x0 0x38 0x0 0x1a0003 0x0 0x18 oops 0
ciMethodData sun/nio/cs/UTF_8$Decoder isMalformed4_3 (I)Z 1 0 orig 144 152 11 114 112 0 0 0 0 72 218 92 20 0 0 0 0 224 0 0 0 0 0 0 0 0 0 0 0 0 0 0 0 0 0 0 0 0 0 0 0 0 0 0 0 0 0 0 0 0 0 0 0 0 0 0 0 0 0 0 0 0 0 0 0 0 0 0 0 0 0 0 0 0 0 0 0 0 0 0 0 0 0 0 0 0 0 0 0 0 0 0 0 0 0 0 0 0 0 0 0 1 0 0 0 1 0 0 0 0 0 0 0 0 0 0 0 0 0 0 0 0 0 1 0 56 0 0 0 255 255 255 255 0 0 0 0 7 0 8 0 0 0 0 0 data 7 0x80007 0x0 0x38 0x0 0xc0003 0x0 0x18 oops 0
ciMethodData java/nio/ByteBuffer array ()[B 1 483 orig 144 152 11 114 112 0 0 0 0 216 246 80 20 0 0 0 0 8 1 0 0 32 0 0 0 0 0 0 0 0 0 0 0 0 0 0 0 0 0 0 0 0 0 0 0 0 0 0 0 0 0 0 0 0 0 0 0 0 0 0 0 0 0 0 0 0 0 0 0 0 0 0 0 0 0 0 0 0 0 0 0 0 0 0 0 0 0 0 0 0 0 0 0 0 0 0 0 3 1 0 0 1 7 0 0 1 0 0 0 0 0 0 0 0 0 0 0 0 0 7 0 3 0 1 0 96 0 0 0 255 255 255 255 0 0 0 0 7 0 4 0 0 0 0 0 data 12 0x40007 0xe0 0x30 0x0 0xb0002 0x0 0x130007 0xe0 0x30 0x0 0x1a0002 0x0 oops 0
ciMethodData sun/nio/cs/UTF_8$Decoder decodeArrayLoop (Ljava/nio/ByteBuffer;Ljava/nio/CharBuffer;)Ljava/nio/charset/CoderResult; 1 905 orig 144 152 11 114 112 0 0 0 0 208 227 92 20 0 0 0 0 32 8 0 0 48 2 0 0 0 0 0 0 0 0 0 0 0 0 0 0 0 0 0 0 0 0 0 0 0 0 0 0 0 0 0 0 0 0 0 0 0 0 0 0 0 0 0 0 0 0 0 0 0 0 0 0 0 0 0 0 0 0 0 0 0 0 0 0 0 0 0 0 0 0 0 0 0 0 0 0 137 3 0 0 1 0 0 0 1 0 0 0 0 0 0 0 0 0 0 0 0 0 0 0 0 0 1 0 48 7 0 0 255 255 255 255 0 0 0 0 5 0 1 0 0 0 0 0 data 230 0x10005 0x0 0x0 0x0 0x0 0x0 0x60005 0x0 0x0 0x0 0x0 0x0 0xa0005 0x0 0x0 0x0 0x0 0x0 0x110005 0x0 0x0 0x0 0x0 0x0 0x150005 0x0 0x0 0x0 0x0 0x0 0x1c0005 0x0 0x0 0x0 0x0 0x0 0x220005 0x0 0x0 0x0 0x0 0x0 0x260005 0x0 0x0 0x0 0x0 0x0 0x2d0005 0x0 0x0 0x0 0x0 0x0 0x310005 0x0 0x0 0x0 0x0 0x0 0x430002 0x0 0x4d0007 0x0 0x58 0x0 0x540007 0x0 0x38 0x0 0x670003 0x0 0xffffffffffffffc0 0x6e0007 0x0 0x4d8 0x0 0x790007 0x0 0x68 0x0 0x800007 0x0 0x30 0x0 0x8c0002 0x0 0x9e0003 0x0 0x450 0xa70007 0x0 0xe8 0x0 0xaf0007 0x0 0xc8 0x0 0xb80007 0x0 0x40 0x0 0xbf0007 0x0 0x30 0x0 0xcb0002 0x0 0xd90002 0x0 0xdc0007 0x0 0x30 0x0 0xe60002 0x0 0x1020003 0x0 0x368 0x10b0007 0x0 0x168 0x0 0x1180007 0x0 0x40 0x0 0x11f0007 0x0 0x90 0x0 0x1250007 0x0 0x60 0x0 0x1300002 0x0 0x1330007 0x0 0x30 0x0 0x13d0002 0x0 0x14a0002 0x0 0x1640002 0x0 0x1670007 0x0 0x30 0x0 0x1710002 0x0 0x18b0002 0x0 0x18e0007 0x0 0x30 0x0 0x1980002 0x0 0x1a90003 0x0 0x200 0x1b20007 0x0 0x1d8 0x0 0x1bf0007 0x0 0x40 0x0 0x1c80007 0x0 0xf0 0x0 0x1ce0007 0x0 0x60 0x0 0x1d90002 0x0 0x1dc0007 0x0 0x30 0x0 0x1e60002 0x0 0x1ed0007 0x0 0x60 0x0 0x1f60002 0x0 0x1f90007 0x0 0x30 0x0 0x2030002 0x0 0x2100002 0x0 0x24b0002 0x0 0x24e0007 0x0 0x50 0x0 0x2530002 0x0 0x2560007 0x0 0x30 0x0 0x2600002 0x0 0x26d0002 0x0 0x27a0002 0x0 0x2810003 0x0 0x28 0x28b0002 0x0 0x28f0003 0x0 0xfffffffffffffb40 0x29b0002 0x0 oops 0
ciMethodData java/nio/CharBuffer array ()[C 1 489 orig 144 152 11 114 112 0 0 0 0 104 90 85 20 0 0 0 0 8 1 0 0 32 0 0 0 0 0 0 0 0 0 0 0 0 0 0 0 0 0 0 0 0 0 0 0 0 0 0 0 0 0 0 0 0 0 0 0 0 0 0 0 0 0 0 0 0 0 0 0 0 0 0 0 0 0 0 0 0 0 0 0 0 0 0 0 0 0 0 0 0 0 0 0 0 0 0 0 232 1 0 0 1 0 0 0 1 0 0 0 0 0 0 0 0 0 0 0 0 0 0 0 0 0 1 0 96 0 0 0 255 255 255 255 0 0 0 0 7 0 4 0 0 0 0 0 data 12 0x40007 0x0 0x30 0x0 0xb0002 0x0 0x130007 0x0 0x30 0x0 0x1a0002 0x0 oops 0
ciMethodData sun/nio/cs/UTF_8$Decoder xflow (Ljava/nio/Buffer;IILjava/nio/Buffer;II)Ljava/nio/charset/CoderResult; 1 512 orig 144 152 11 114 112 0 0 0 0 176 223 92 20 0 0 0 0 56 1 0 0 48 0 0 0 0 0 0 0 0 0 0 0 0 0 0 0 0 0 0 0 0 0 0 0 0 0 0 0 0 0 0 0 0 0 0 0 0 0 0 0 0 0 0 0 0 0 0 0 0 0 0 0 0 0 0 0 0 0 0 0 0 0 0 0 0 0 0 0 0 0 0 0 0 0 0 0 0 2 0 0 1 0 0 0 1 0 0 0 0 0 0 0 0 0 0 0 0 0 0 0 0 0 1 0 104 0 0 0 255 255 255 255 0 0 0 0 2 0 5 0 0 0 0 0 data 13 0x50002 0x0 0xa0007 0x0 0x40 0x0 0x120007 0x0 0x38 0x0 0x180003 0x0 0x18 oops 0
ciMethodData sun/nio/cs/UTF_8 access$200 (Ljava/nio/Buffer;ILjava/nio/Buffer;I)V 1 511 orig 144 152 11 114 112 0 0 0 0 240 192 92 20 0 0 0 0 208 0 0 0 0 0 0 0 0 0 0 0 0 0 0 0 0 0 0 0 0 0 0 0 0 0 0 0 0 0 0 0 0 0 0 0 0 0 0 0 0 0 0 0 0 0 0 0 0 0 0 0 0 0 0 0 0 0 0 0 0 0 0 0 0 0 0 0 0 0 0 0 0 0 0 0 0 0 0 0 255 1 0 0 1 0 0 0 1 0 0 0 0 0 0 0 0 0 0 0 0 0 0 0 0 0 1 0 16 0 0 0 255 255 255 255 0 0 0 0 2 0 4 0 0 0 0 0 data 2 0x40002 0x0 oops 0
ciMethodData sun/nio/cs/UTF_8 updatePositions (Ljava/nio/Buffer;ILjava/nio/Buffer;I)V 1 511 orig 144 152 11 114 112 0 0 0 0 88 192 92 20 0 0 0 0 128 1 0 0 0 0 0 0 0 0 0 0 0 0 0 0 0 0 0 0 0 0 0 0 0 0 0 0 0 0 0 0 0 0 0 0 0 0 0 0 0 0 0 0 0 0 0 0 0 0 0 0 0 0 0 0 0 0 0 0 0 0 0 0 0 0 0 0 0 0 0 0 0 0 0 0 0 0 0 0 255 1 0 0 1 0 0 0 1 0 0 0 0 0 0 0 0 0 0 0 0 0 0 0 0 0 1 0 192 0 0 0 255 255 255 255 0 0 0 0 5 0 3 0 0 0 0 0 data 24 0x30005 0x0 0x0 0x0 0x0 0x0 0x70005 0x0 0x0 0x0 0x0 0x0 0xe0005 0x0 0x0 0x0 0x0 0x0 0x120005 0x0 0x0 0x0 0x0 0x0 oops 0
ciMethodData sun/nio/cs/UTF_8$Decoder malformedForLength (Ljava/nio/ByteBuffer;ILjava/nio/CharBuffer;II)Ljava/nio/charset/CoderResult; 1 0 orig 144 152 11 114 112 0 0 0 0 96 222 92 20 0 0 0 0 232 0 0 0 0 0 0 0 0 0 0 0 0 0 0 0 0 0 0 0 0 0 0 0 0 0 0 0 0 0 0 0 0 0 0 0 0 0 0 0 0 0 0 0 0 0 0 0 0 0 0 0 0 0 0 0 0 0 0 0 0 0 0 0 0 0 0 0 0 0 0 0 0 0 0 0 0 0 0 0 0 0 0 0 1 0 0 0 1 0 0 0 0 0 0 0 0 0 0 0 0 0 0 0 0 0 1 0 32 0 0 0 255 255 255 255 0 0 0 0 2 0 4 0 0 0 0 0 data 4 0x40002 0x0 0x90002 0x0 oops 0
ciMethodData java/nio/charset/CoderResult malformedForLength (I)Ljava/nio/charset/CoderResult; 1 0 orig 144 152 11 114 112 0 0 0 0 120 152 85 20 0 0 0 0 184 0 0 0 0 0 0 0 0 0 0 0 0 0 0 0 0 0 0 0 0 0 0 0 0 0 0 0 0 0 0 0 0 0 0 0 0 0 0 0 0 0 0 0 0 0 0 0 0 0 0 0 0 0 0 0 0 0 0 0 0 0 0 0 0 0 0 0 0 0 0 0 0 0 0 0 0 0 0 0 0 0 0 0 1 0 0 0 1 0 0 0 0 0 0 0 0 0 0 0 0 0 0 0 0 0 1 0 16 0 0 0 255 255 255 255 0 0 0 0 2 0 4 0 0 0 0 0 data 2 0x40002 0x0 oops 0
ciMethodData java/nio/charset/CoderResult$Cache access$200 (Ljava/nio/charset/CoderResult$Cache;I)Ljava/nio/charset/CoderResult; 1 0 orig 144 152 11 114 112 0 0 0 0 96 168 85 20 0 0 0 0 192 0 0 0 0 0 0 0 0 0 0 0 0 0 0 0 0 0 0 0 0 0 0 0 0 0 0 0 0 0 0 0 0 0 0 0 0 0 0 0 0 0 0 0 0 0 0 0 0 0 0 0 0 0 0 0 0 0 0 0 0 0 0 0 0 0 0 0 0 0 0 0 0 0 0 0 0 0 0 0 0 0 0 0 1 0 0 0 1 0 0 0 0 0 0 0 0 0 0 0 0 0 0 0 0 0 1 0 16 0 0 0 255 255 255 255 0 0 0 0 2 0 2 0 0 0 0 0 data 2 0x20002 0x0 oops 0
ciMethodData java/nio/charset/CoderResult$Cache get (I)Ljava/nio/charset/CoderResult; 1 0 orig 144 152 11 114 112 0 0 0 0 48 167 85 20 0 0 0 0 168 2 0 0 56 1 0 0 0 0 0 0 0 0 0 0 0 0 0 0 0 0 0 0 0 0 0 0 0 0 0 0 0 0 0 0 0 0 0 0 0 0 0 0 0 0 0 0 0 0 0 0 0 0 0 0 0 0 0 0 0 0 0 0 0 0 0 0 0 0 0 0 0 0 0 0 0 0 0 0 0 0 0 0 1 0 0 0 1 0 0 0 0 0 0 0 0 0 0 0 0 0 0 0 0 0 1 0 248 1 0 0 255 255 255 255 0 0 0 0 7 0 1 0 0 0 0 0 data 63 0x10007 0x0 0x30 0x0 0xa0002 0x0 0x130002 0x0 0x1e0007 0x0 0x48 0x0 0x260002 0x0 0x2c0003 0x0 0xf8 0x340005 0x0 0x0 0x0 0x0 0x0 0x390004 0x0 0x0 0x0 0x0 0x0 0x3e0007 0x0 0x80 0x0 0x420005 0x0 0x0 0x0 0x0 0x0 0x450004 0x0 0x0 0x0 0x0 0x0 0x4c0007 0x0 0x90 0x0 0x510005 0x0 0x0 0x0 0x0 0x0 0x610002 0x0 0x640005 0x0 0x0 0x0 0x0 0x0 oops 0
ciMethodData sun/nio/cs/UTF_8$Decoder malformed (Ljava/nio/ByteBuffer;ILjava/nio/CharBuffer;II)Ljava/nio/charset/CoderResult; 1 0 orig 144 152 11 114 112 0 0 0 0 24 221 92 20 0 0 0 0 72 1 0 0 0 0 0 0 0 0 0 0 0 0 0 0 0 0 0 0 0 0 0 0 0 0 0 0 0 0 0 0 0 0 0 0 0 0 0 0 0 0 0 0 0 0 0 0 0 0 0 0 0 0 0 0 0 0 0 0 0 0 0 0 0 0 0 0 0 0 0 0 0 0 0 0 0 0 0 0 0 0 0 0 1 0 0 0 1 0 0 0 0 0 0 0 0 0 0 0 0 0 0 0 0 0 1 0 128 0 0 0 255 255 255 255 0 0 0 0 5 0 3 0 0 0 0 0 data 16 0x30005 0x0 0x0 0x0 0x0 0x0 0x70005 0x0 0x0 0x0 0x0 0x0 0xe0002 0x0 0x170002 0x0 oops 0
instanceKlass org/sonatype/aether/spi/connector/RepositoryConnectorFactory
instanceKlass org/sonatype/aether/connector/wagon/WagonProvider
instanceKlass org/sonatype/aether/connector/wagon/WagonConfigurator
instanceKlass org/sonatype/guice/plexus/scanners/PlexusXmlMetadata
instanceKlass org/sonatype/guice/plexus/config/PlexusBeanMetadata
instanceKlass org/sonatype/guice/plexus/config/Roles
instanceKlass org/apache/maven/eventspy/EventSpy
instanceKlass org/sonatype/guice/plexus/config/Hints
instanceKlass org/sonatype/guice/bean/reflect/AbstractDeferredClass
instanceKlass org/sonatype/guice/plexus/annotations/RequirementImpl
instanceKlass org/codehaus/plexus/component/annotations/Requirement
instanceKlass java/util/regex/ASCII
instanceKlass java/util/regex/Matcher
instanceKlass java/util/regex/MatchResult
instanceKlass java/util/regex/Pattern$Node
instanceKlass java/util/regex/Pattern
instanceKlass org/codehaus/plexus/util/ReaderFactory
instanceKlass org/codehaus/plexus/util/xml/pull/MXParser
instanceKlass org/sonatype/guice/bean/reflect/Streams
instanceKlass org/sonatype/guice/plexus/annotations/ComponentImpl
instanceKlass org/codehaus/plexus/component/annotations/Component
instanceKlass org/sonatype/guice/plexus/scanners/PlexusTypeRegistry
instanceKlass org/sonatype/guice/plexus/scanners/PlexusXmlScanner
instanceKlass org/sonatype/guice/bean/binders/QualifiedTypeBinder
instanceKlass org/sonatype/guice/plexus/binders/PlexusTypeBinder
instanceKlass org/sonatype/guice/plexus/scanners/PlexusTypeListener
instanceKlass org/sonatype/guice/bean/scanners/QualifiedTypeListener
instanceKlass com/google/inject/spi/InjectionRequest
instanceKlass com/google/inject/spi/ProviderWithExtensionVisitor
instanceKlass org/codehaus/plexus/component/repository/ComponentDescriptor
instanceKlass org/sonatype/guice/plexus/config/PlexusBean
instanceKlass org/sonatype/guice/bean/reflect/TypeParameters
instanceKlass com/google/inject/spi/ProvisionListener$ProvisionInvocation
instanceKlass org/sonatype/guice/bean/reflect/BeanProperty
instanceKlass com/google/inject/spi/Dependency
instanceKlass com/google/inject/internal/Nullability
instanceKlass com/google/common/collect/ImmutableCollection$Builder
instanceKlass com/google/inject/spi/InjectionPoint$OverrideIndex
instanceKlass org/sonatype/inject/Mediator
instanceKlass java/util/concurrent/locks/Condition
instanceKlass javax/inject/Named
instanceKlass com/google/inject/Key$AnnotationTypeStrategy
instanceKlass com/google/common/collect/CustomConcurrentHashMap$StrongValueReference
instanceKlass com/google/common/collect/ComputingConcurrentHashMap$ComputedReference
instanceKlass com/google/common/collect/ComputingConcurrentHashMap$ComputingValueReference
instanceKlass java/lang/reflect/WeakCache$Value
instanceKlass sun/misc/ProxyGenerator$ExceptionTableEntry
instanceKlass sun/misc/ProxyGenerator$PrimitiveTypeInfo
instanceKlass sun/misc/ProxyGenerator$FieldInfo
instanceKlass java/io/DataOutput
instanceKlass sun/misc/ProxyGenerator$ConstantPool$Entry
instanceKlass sun/misc/ProxyGenerator$MethodInfo
instanceKlass java/lang/Class$MethodArray
instanceKlass sun/misc/ProxyGenerator$ProxyMethod
instanceKlass sun/misc/ProxyGenerator$ConstantPool
instanceKlass sun/misc/ProxyGenerator
instanceKlass java/lang/reflect/WeakCache$Factory
instanceKlass java/util/function/Supplier
instanceKlass java/lang/reflect/Proxy$ProxyClassFactory
instanceKlass java/lang/reflect/Proxy$KeyFactory
instanceKlass java/util/function/BiFunction
instanceKlass java/lang/reflect/WeakCache
instanceKlass java/lang/reflect/Proxy
instanceKlass sun/reflect/annotation/AnnotationInvocationHandler
instanceKlass java/lang/reflect/InvocationHandler
instanceKlass sun/reflect/annotation/AnnotationParser$1
instanceKlass sun/reflect/annotation/ExceptionProxy
instanceKlass java/lang/Class$4
instanceKlass java/lang/annotation/Documented
instanceKlass java/lang/annotation/Inherited
instanceKlass sun/reflect/annotation/AnnotationType$1
instanceKlass java/lang/annotation/Target
instanceKlass java/lang/annotation/Retention
instanceKlass javax/inject/Qualifier
instanceKlass com/google/inject/BindingAnnotation
instanceKlass java/util/concurrent/atomic/AtomicReferenceArray
instanceKlass com/google/common/base/Ticker
instanceKlass com/google/common/base/Equivalence
instanceKlass com/google/common/base/Equivalences
instanceKlass com/google/common/base/Objects
instanceKlass com/google/common/collect/CustomConcurrentHashMap$1
instanceKlass com/google/common/collect/CustomConcurrentHashMap$ReferenceEntry
instanceKlass com/google/common/collect/CustomConcurrentHashMap$ValueReference
instanceKlass com/google/common/collect/MapMaker$RemovalListener
instanceKlass com/google/common/collect/GenericMapMaker
instanceKlass com/google/inject/internal/Annotations$AnnotationChecker$1
instanceKlass javax/inject/Scope
instanceKlass com/google/inject/ScopeAnnotation
instanceKlass com/google/inject/internal/Annotations$AnnotationChecker
instanceKlass com/google/inject/internal/Annotations
instanceKlass org/sonatype/inject/Parameters
instanceKlass org/sonatype/guice/bean/binders/ParameterKeys
instanceKlass com/google/inject/util/Modules$1
instanceKlass com/google/inject/util/Modules$OverriddenModuleBuilder
instanceKlass com/google/inject/util/Modules
instanceKlass com/google/inject/Provides
instanceKlass com/google/inject/internal/ProviderMethodsModule
instanceKlass javax/inject/Singleton
instanceKlass com/google/inject/spi/ScopeBinding
instanceKlass com/google/inject/Scopes$2
instanceKlass com/google/inject/Scopes$1
instanceKlass com/google/inject/Scope
instanceKlass com/google/inject/spi/BindingScopingVisitor
instanceKlass com/google/inject/Scopes
instanceKlass com/google/inject/Singleton
instanceKlass java/io/ObjectStreamConstants
instanceKlass java/io/ObjectInput
instanceKlass com/google/inject/Inject
instanceKlass sun/reflect/annotation/AnnotationParser
instanceKlass javax/inject/Inject
instanceKlass com/google/inject/internal/MoreTypes$ParameterizedTypeImpl
instanceKlass java/lang/reflect/WildcardType
instanceKlass sun/reflect/generics/reflectiveObjects/LazyReflectiveObjectGenerator
instanceKlass java/lang/reflect/TypeVariable
instanceKlass sun/reflect/generics/tree/TypeVariableSignature
instanceKlass sun/reflect/generics/reflectiveObjects/ParameterizedTypeImpl
instanceKlass java/lang/reflect/ParameterizedType
instanceKlass sun/reflect/generics/visitor/Reifier
instanceKlass sun/reflect/generics/visitor/TypeTreeVisitor
instanceKlass sun/reflect/generics/tree/ClassSignature
instanceKlass sun/reflect/generics/tree/Signature
instanceKlass sun/reflect/generics/tree/ClassTypeSignature
instanceKlass sun/reflect/generics/tree/SimpleClassTypeSignature
instanceKlass sun/reflect/generics/tree/FieldTypeSignature
instanceKlass sun/reflect/generics/tree/BaseType
instanceKlass sun/reflect/generics/tree/TypeSignature
instanceKlass sun/reflect/generics/tree/ReturnType
instanceKlass sun/reflect/generics/tree/TypeArgument
instanceKlass sun/reflect/generics/tree/FormalTypeParameter
instanceKlass sun/reflect/generics/tree/TypeTree
instanceKlass sun/reflect/generics/tree/Tree
instanceKlass sun/reflect/generics/parser/SignatureParser
instanceKlass sun/reflect/generics/factory/CoreReflectionFactory
instanceKlass sun/reflect/generics/factory/GenericsFactory
instanceKlass sun/reflect/generics/scope/AbstractScope
instanceKlass sun/reflect/generics/scope/Scope
instanceKlass com/google/inject/spi/InjectionPoint$InjectableMembers
instanceKlass com/google/inject/spi/InjectionPoint$InjectableMember
instanceKlass com/google/inject/internal/Scoping
instanceKlass com/google/inject/internal/InternalFactory
instanceKlass com/google/inject/spi/LinkedKeyBinding
instanceKlass com/google/inject/spi/ProviderInstanceBinding
instanceKlass com/google/inject/spi/ProviderKeyBinding
instanceKlass com/google/inject/spi/InstanceBinding
instanceKlass com/google/inject/spi/InjectionPoint
instanceKlass com/google/inject/internal/DelayedInitialize
instanceKlass com/google/inject/spi/ConstructorBinding
instanceKlass com/google/inject/spi/HasDependencies
instanceKlass com/google/inject/spi/UntargettedBinding
instanceKlass com/google/inject/internal/BindingImpl
instanceKlass com/google/common/collect/RegularImmutableMap$LinkedEntry
instanceKlass com/google/common/collect/AbstractMapEntry
instanceKlass com/google/common/collect/ImmutableMap
instanceKlass com/google/common/collect/ImmutableMap$Builder
instanceKlass com/google/inject/internal/MoreTypes$GenericArrayTypeImpl
instanceKlass com/google/inject/internal/MoreTypes$CompositeType
instanceKlass java/lang/reflect/GenericArrayType
instanceKlass com/google/inject/internal/MoreTypes
instanceKlass com/google/inject/TypeLiteral
instanceKlass com/google/inject/Key$AnnotationStrategy
instanceKlass com/google/inject/PrivateModule
instanceKlass com/google/common/collect/Hashing
instanceKlass com/google/common/collect/Iterators$5
instanceKlass com/google/common/collect/Iterators$2
instanceKlass com/google/common/collect/PeekingIterator
instanceKlass com/google/common/collect/Iterators
instanceKlass com/google/common/collect/Iterables$IterableWithToString
instanceKlass com/google/common/collect/Iterables
instanceKlass com/google/inject/internal/AbstractBindingBuilder
instanceKlass com/google/inject/binder/ConstantBindingBuilder
instanceKlass com/google/inject/AbstractModule
instanceKlass com/google/common/collect/Sets
instanceKlass com/google/inject/binder/AnnotatedBindingBuilder
instanceKlass com/google/inject/binder/LinkedBindingBuilder
instanceKlass com/google/inject/binder/ScopedBindingBuilder
instanceKlass com/google/inject/binder/AnnotatedConstantBindingBuilder
instanceKlass com/google/inject/binder/AnnotatedElementBuilder
instanceKlass com/google/inject/spi/Elements$RecordingBinder
instanceKlass com/google/inject/PrivateBinder
instanceKlass com/google/inject/Binder
instanceKlass com/google/inject/Binding
instanceKlass com/google/inject/spi/DefaultBindingTargetVisitor
instanceKlass com/google/inject/spi/BindingTargetVisitor
instanceKlass com/google/inject/spi/Elements
instanceKlass com/google/inject/internal/InjectorShell$RootModule
instanceKlass com/google/inject/internal/WeakKeySet
instanceKlass com/google/inject/internal/State$1
instanceKlass com/google/inject/internal/InheritingState
instanceKlass com/google/inject/internal/ProcessedBindingData
instanceKlass com/google/inject/spi/Element
instanceKlass com/google/inject/spi/DefaultElementVisitor
instanceKlass com/google/common/collect/Lists
instanceKlass com/google/inject/internal/State
instanceKlass com/google/inject/internal/InjectorShell$Builder
instanceKlass com/google/common/base/Joiner$MapJoiner
instanceKlass com/google/common/collect/BiMap
instanceKlass com/google/common/base/Predicate
instanceKlass com/google/common/collect/MapDifference
instanceKlass com/google/common/collect/Maps$EntryTransformer
instanceKlass com/google/common/collect/Maps
instanceKlass java/util/concurrent/CountDownLatch
instanceKlass com/google/inject/internal/Initializable
instanceKlass com/google/inject/internal/Initializer
instanceKlass com/google/common/collect/SortedIterable
instanceKlass com/google/common/base/Joiner
instanceKlass com/google/common/base/Function
instanceKlass com/google/common/collect/Collections2
instanceKlass com/google/common/base/Preconditions
instanceKlass com/google/inject/internal/util/SourceProvider
instanceKlass com/google/common/collect/UnmodifiableIterator
instanceKlass com/google/common/collect/ImmutableCollection
instanceKlass com/google/inject/Key
instanceKlass com/google/inject/internal/Errors$Converter
instanceKlass com/google/inject/internal/Errors
instanceKlass java/util/logging/LogManager$5
instanceKlass sun/reflect/UnsafeFieldAccessorFactory
instanceKlass java/util/logging/LoggingProxyImpl
instanceKlass sun/util/logging/LoggingProxy
instanceKlass sun/util/logging/LoggingSupport$1
instanceKlass sun/util/logging/LoggingSupport
instanceKlass sun/util/logging/PlatformLogger$LoggerProxy
instanceKlass sun/util/logging/PlatformLogger$1
instanceKlass sun/util/logging/PlatformLogger
instanceKlass java/util/logging/LogManager$LoggerContext$1
instanceKlass java/util/logging/LogManager$3
instanceKlass java/util/logging/LogManager$2
instanceKlass java/lang/Shutdown$Lock
instanceKlass java/lang/Shutdown
instanceKlass java/lang/ApplicationShutdownHooks$1
instanceKlass java/lang/ApplicationShutdownHooks
instanceKlass java/util/logging/LogManager$LogNode
instanceKlass java/util/logging/LogManager$LoggerContext
instanceKlass java/util/logging/LogManager$1
instanceKlass java/util/logging/LogManager
instanceKlass java/util/concurrent/CopyOnWriteArrayList
instanceKlass java/util/logging/Logger$LoggerBundle
instanceKlass java/util/logging/Level$KnownLevel
instanceKlass java/util/logging/Level
instanceKlass java/util/logging/Handler
instanceKlass java/util/logging/Logger
instanceKlass com/google/inject/internal/util/Stopwatch
instanceKlass com/google/inject/internal/ContextualCallable
instanceKlass com/google/inject/Injector
instanceKlass com/google/inject/internal/InternalInjectorCreator
instanceKlass com/google/inject/Guice
instanceKlass com/google/inject/spi/ElementVisitor
instanceKlass com/google/inject/spi/TypeListener
instanceKlass org/sonatype/guice/bean/inject/BeanBinder
instanceKlass org/sonatype/guice/plexus/binders/PlexusBindingModule
instanceKlass org/codehaus/plexus/DefaultPlexusContainer$BootModule
instanceKlass org/sonatype/guice/plexus/binders/PlexusAnnotatedBeanModule
instanceKlass org/sonatype/guice/plexus/config/PlexusBeanSource
instanceKlass org/sonatype/guice/plexus/binders/PlexusXmlBeanModule
instanceKlass org/sonatype/guice/plexus/config/PlexusBeanModule
instanceKlass java/util/Collections$3
instanceKlass org/sonatype/guice/bean/reflect/URLClassSpace
instanceKlass org/codehaus/plexus/DefaultPlexusContainer$SLF4JLoggerFactoryProvider
instanceKlass com/google/inject/util/Providers$1
instanceKlass com/google/inject/util/Providers
instanceKlass org/codehaus/plexus/personality/plexus/lifecycle/phase/Disposable
instanceKlass org/codehaus/plexus/personality/plexus/lifecycle/phase/Initializable
instanceKlass org/codehaus/plexus/personality/plexus/lifecycle/phase/Contextualizable
instanceKlass org/codehaus/plexus/logging/LogEnabled
instanceKlass org/sonatype/guice/bean/inject/PropertyBinding
instanceKlass org/codehaus/plexus/personality/plexus/lifecycle/phase/Startable
instanceKlass org/sonatype/guice/plexus/lifecycles/PlexusLifecycleManager
instanceKlass com/google/inject/spi/ProvisionListener
instanceKlass org/sonatype/guice/plexus/locators/HintedPlexusBeans
instanceKlass org/sonatype/guice/plexus/locators/DefaultPlexusBeans
instanceKlass org/sonatype/guice/plexus/locators/DefaultPlexusBeanLocator
instanceKlass org/codehaus/plexus/context/DefaultContext
instanceKlass org/codehaus/plexus/logging/AbstractLoggerManager
instanceKlass org/codehaus/plexus/util/xml/pull/XmlPullParser
instanceKlass org/sonatype/guice/plexus/converters/PlexusXmlBeanConverter
instanceKlass org/sonatype/guice/plexus/config/PlexusBeanConverter
instanceKlass com/google/inject/matcher/AbstractMatcher
instanceKlass com/google/inject/matcher/Matcher
instanceKlass com/google/inject/spi/TypeConverter
instanceKlass org/codehaus/plexus/DefaultPlexusContainer$LoggerProvider
instanceKlass org/codehaus/plexus/DefaultPlexusContainer$DefaultsModule
instanceKlass org/codehaus/plexus/DefaultPlexusContainer$ContainerModule
instanceKlass org/sonatype/guice/bean/locators/ImplicitBindings
instanceKlass org/sonatype/guice/bean/reflect/Weak
instanceKlass org/sonatype/guice/bean/reflect/MildValues$InverseMapping
instanceKlass org/sonatype/guice/bean/reflect/MildValues
instanceKlass org/sonatype/guice/bean/reflect/Soft
instanceKlass java/util/concurrent/atomic/AtomicReference
instanceKlass java/util/concurrent/locks/AbstractQueuedSynchronizer$Node
instanceKlass java/util/concurrent/locks/AbstractOwnableSynchronizer
instanceKlass org/sonatype/guice/bean/locators/RankingFunction
instanceKlass org/sonatype/guice/bean/locators/spi/BindingSubscriber
instanceKlass org/sonatype/guice/bean/locators/spi/BindingPublisher
instanceKlass org/sonatype/guice/bean/reflect/DeferredClass
instanceKlass org/codehaus/plexus/DefaultPlexusContainer$LoggerManagerProvider
instanceKlass org/sonatype/guice/bean/reflect/DeferredProvider
instanceKlass com/google/inject/Provider
instanceKlass org/sonatype/guice/plexus/binders/PlexusBeanManager
instanceKlass javax/inject/Provider
instanceKlass org/sonatype/guice/plexus/config/PlexusBeanLocator
instanceKlass org/codehaus/plexus/context/Context
instanceKlass org/sonatype/guice/bean/locators/MutableBeanLocator
instanceKlass org/sonatype/guice/bean/locators/spi/BindingDistributor
instanceKlass org/sonatype/guice/bean/locators/BeanLocator
instanceKlass org/sonatype/guice/bean/binders/MergedModule
instanceKlass org/sonatype/guice/bean/binders/WireModule
instanceKlass com/google/inject/Module
instanceKlass org/sonatype/guice/bean/reflect/ClassSpace
instanceKlass org/codehaus/plexus/DefaultPlexusContainer
instanceKlass org/codehaus/plexus/MutablePlexusContainer
instanceKlass org/codehaus/plexus/util/StringUtils
instanceKlass org/codehaus/plexus/DefaultContainerConfiguration
instanceKlass org/codehaus/plexus/ContainerConfiguration
instanceKlass org/apache/maven/Maven
instanceKlass org/apache/maven/cli/MavenCli$1
instanceKlass org/codehaus/plexus/logging/AbstractLogger
instanceKlass java/text/DontCareFieldPosition$1
instanceKlass java/text/Format$FieldDelegate
instanceKlass java/text/DigitList
instanceKlass java/text/FieldPosition
instanceKlass java/util/Currency$CurrencyNameGetter
instanceKlass java/util/Currency$1
instanceKlass java/util/Currency
instanceKlass java/text/DecimalFormatSymbols
instanceKlass java/util/concurrent/atomic/AtomicMarkableReference$Pair
instanceKlass java/util/concurrent/atomic/AtomicMarkableReference
instanceKlass java/util/Collections$EmptyIterator
instanceKlass sun/util/locale/LanguageTag
instanceKlass java/text/DateFormatSymbols
instanceKlass java/util/ResourceBundle$Control$1
instanceKlass java/util/ResourceBundle$CacheKeyReference
instanceKlass java/util/ResourceBundle$CacheKey
instanceKlass java/util/ResourceBundle$RBClassLoader$1
instanceKlass java/util/spi/ResourceBundleControlProvider
instanceKlass java/util/ResourceBundle
instanceKlass java/util/ResourceBundle$Control
instanceKlass sun/util/resources/LocaleData$1
instanceKlass sun/util/resources/LocaleData
instanceKlass sun/util/locale/provider/LocaleResources
instanceKlass sun/util/locale/provider/CalendarDataUtility$CalendarWeekParameterGetter
instanceKlass sun/util/locale/provider/LocaleServiceProviderPool$LocalizedObjectGetter
instanceKlass java/net/URLClassLoader$3$1
instanceKlass sun/misc/CompoundEnumeration
instanceKlass java/net/URLClassLoader$3
instanceKlass sun/misc/URLClassPath$1
instanceKlass java/lang/ClassLoader$2
instanceKlass sun/misc/URLClassPath$2
instanceKlass java/util/LinkedHashMap$LinkedHashIterator
instanceKlass java/util/ServiceLoader$1
instanceKlass java/util/ServiceLoader$LazyIterator
instanceKlass java/util/ServiceLoader
instanceKlass sun/util/locale/provider/SPILocaleProviderAdapter$1
instanceKlass sun/util/locale/provider/LocaleServiceProviderPool
instanceKlass sun/util/locale/provider/CalendarDataUtility
instanceKlass java/util/Calendar$Builder
instanceKlass sun/util/locale/provider/JRELocaleProviderAdapter$1
instanceKlass sun/util/locale/provider/LocaleDataMetaInfo
instanceKlass sun/util/locale/provider/AvailableLanguageTags
instanceKlass sun/util/locale/provider/LocaleProviderAdapter$1
instanceKlass java/util/Collections$UnmodifiableCollection$1
instanceKlass sun/util/locale/provider/ResourceBundleBasedAdapter
instanceKlass sun/util/locale/provider/LocaleProviderAdapter
instanceKlass java/util/spi/LocaleServiceProvider
instanceKlass java/util/Calendar
instanceKlass java/util/Locale$1
instanceKlass java/text/AttributedCharacterIterator$Attribute
instanceKlass org/codehaus/plexus/util/IOUtil
instanceKlass java/util/Properties$LineReader
instanceKlass sun/net/www/protocol/jar/JarFileFactory
instanceKlass sun/net/www/protocol/jar/URLJarFile$URLJarFileCloseController
instanceKlass java/net/URLClassLoader$2
instanceKlass sun/misc/Launcher$BootClassPathHolder$1
instanceKlass sun/misc/Launcher$BootClassPathHolder
instanceKlass java/text/Format
instanceKlass org/apache/maven/cli/CLIReportingUtils
instanceKlass java/util/Collections$UnmodifiableMap$UnmodifiableEntrySet$UnmodifiableEntry
instanceKlass java/util/Collections$UnmodifiableMap$UnmodifiableEntrySet$1
instanceKlass java/util/TreeMap$Entry
instanceKlass java/lang/ProcessEnvironment$CheckedEntry
instanceKlass java/lang/ProcessEnvironment$CheckedEntrySet$1
instanceKlass java/util/Collections$UnmodifiableMap
instanceKlass java/lang/ProcessEnvironment$EntryComparator
instanceKlass java/lang/ProcessEnvironment$NameComparator
instanceKlass org/codehaus/plexus/util/Os
instanceKlass org/apache/maven/properties/internal/EnvironmentUtils
instanceKlass java/util/LinkedList$Node
instanceKlass java/util/AbstractList$Itr
instanceKlass org/apache/commons/cli/Util
instanceKlass org/apache/commons/cli/CommandLine
instanceKlass org/apache/commons/cli/Parser
instanceKlass org/apache/commons/cli/OptionValidator
instanceKlass org/apache/commons/cli/Option
instanceKlass org/apache/commons/cli/OptionBuilder
instanceKlass org/apache/commons/cli/Options
instanceKlass org/apache/commons/cli/CommandLineParser
instanceKlass org/apache/maven/cli/CLIManager
instanceKlass org/sonatype/aether/util/DefaultRepositoryCache
instanceKlass org/sonatype/aether/RepositoryCache
instanceKlass org/apache/maven/project/ProjectBuildingRequest
instanceKlass org/apache/maven/execution/DefaultMavenExecutionRequest
instanceKlass org/apache/maven/execution/MavenExecutionRequest
instanceKlass org/apache/maven/cli/MavenCli$CliRequest
instanceKlass org/apache/maven/exception/ExceptionHandler
instanceKlass org/apache/maven/eventspy/EventSpy$Context
instanceKlass org/codehaus/plexus/PlexusContainer
instanceKlass org/codehaus/plexus/logging/LoggerManager
instanceKlass org/codehaus/plexus/logging/Logger
instanceKlass org/apache/maven/execution/ExecutionListener
instanceKlass org/sonatype/aether/transfer/AbstractTransferListener
instanceKlass org/sonatype/aether/transfer/TransferListener
instanceKlass org/apache/maven/settings/building/SettingsBuildingRequest
instanceKlass org/apache/maven/cli/PrintStreamLogger$Provider
instanceKlass org/apache/maven/cli/MavenCli
instanceKlass java/util/TreeMap$PrivateEntryIterator
instanceKlass java/util/ArrayList$Itr
instanceKlass java/util/ListIterator
instanceKlass java/util/TimSort
instanceKlass sun/security/action/GetBooleanAction
instanceKlass java/util/Arrays$LegacyMergeSort
instanceKlass org/codehaus/plexus/classworlds/launcher/Configurator$1
instanceKlass java/util/HashMap$HashIterator
instanceKlass java/net/URI$Parser
instanceKlass java/net/URI
instanceKlass org/codehaus/plexus/classworlds/launcher/ConfigurationParser$1
instanceKlass org/codehaus/plexus/classworlds/strategy/AbstractStrategy
instanceKlass org/codehaus/plexus/classworlds/strategy/Strategy
instanceKlass org/codehaus/plexus/classworlds/strategy/StrategyFactory
instanceKlass java/util/NavigableMap
instanceKlass java/util/SortedMap
instanceKlass java/util/NavigableSet
instanceKlass java/util/SortedSet
instanceKlass java/io/FilenameFilter
instanceKlass org/codehaus/plexus/classworlds/launcher/ConfigurationParser
instanceKlass org/codehaus/plexus/classworlds/launcher/Configurator
instanceKlass org/codehaus/plexus/classworlds/launcher/ConfigurationHandler
instanceKlass org/codehaus/plexus/classworlds/ClassWorld
instanceKlass sun/launcher/LauncherHelper$FXHelper
instanceKlass org/codehaus/plexus/classworlds/launcher/Launcher
instanceKlass java/io/FilePermission$1
instanceKlass sun/net/www/MessageHeader
instanceKlass java/net/URLConnection
instanceKlass java/security/PermissionCollection
instanceKlass sun/nio/ByteBuffered
instanceKlass sun/security/util/ManifestEntryVerifier
instanceKlass sun/security/util/SignatureFileVerifier
instanceKlass java/lang/Package
instanceKlass java/util/jar/JarVerifier$3
instanceKlass java/security/CodeSigner
instanceKlass java/util/jar/JarVerifier
instanceKlass sun/misc/ASCIICaseInsensitiveComparator
instanceKlass java/util/jar/Attributes$Name
instanceKlass java/util/jar/Attributes
instanceKlass java/util/jar/Manifest
instanceKlass sun/misc/Resource
instanceKlass sun/misc/IOUtils
instanceKlass java/util/zip/ZStreamRef
instanceKlass java/util/zip/Inflater
instanceKlass sun/util/calendar/CalendarUtils
instanceKlass sun/util/calendar/CalendarDate
instanceKlass java/util/TimeZone$1
instanceKlass java/util/zip/CRC32
instanceKlass java/util/zip/Checksum
instanceKlass sun/util/calendar/ZoneInfoFile$ZoneOffsetTransitionRule
instanceKlass java/io/DataInput
instanceKlass sun/util/calendar/ZoneInfoFile$1
instanceKlass sun/util/calendar/ZoneInfoFile
instanceKlass java/util/TimeZone
instanceKlass sun/util/calendar/CalendarSystem
instanceKlass java/util/Date
instanceKlass java/util/zip/ZipUtils
instanceKlass java/util/zip/ZipEntry
instanceKlass sun/misc/ExtensionDependency
instanceKlass sun/misc/JarIndex
instanceKlass sun/nio/ch/DirectBuffer
instanceKlass sun/misc/PerfCounter$CoreCounters
instanceKlass sun/misc/Perf
instanceKlass sun/misc/Perf$GetPerfAction
instanceKlass sun/misc/PerfCounter
instanceKlass java/util/zip/ZipCoder
instanceKlass java/util/Deque
instanceKlass java/util/Queue
instanceKlass java/nio/charset/StandardCharsets
instanceKlass java/util/jar/JavaUtilJarAccessImpl
instanceKlass sun/misc/JavaUtilJarAccess
instanceKlass sun/misc/FileURLMapper
instanceKlass sun/misc/URLClassPath$JarLoader$1
instanceKlass sun/nio/cs/ThreadLocalCoders$Cache
instanceKlass sun/nio/cs/ThreadLocalCoders
instanceKlass java/util/zip/ZipFile$1
instanceKlass sun/misc/JavaUtilZipFileAccess
instanceKlass java/util/zip/ZipFile
instanceKlass java/util/zip/ZipConstants
instanceKlass sun/misc/URLClassPath$Loader
instanceKlass sun/misc/URLClassPath$3
instanceKlass sun/net/util/URLUtil
instanceKlass java/net/URLClassLoader$1
instanceKlass java/lang/StringCoding$StringDecoder
instanceKlass java/lang/ThreadLocal$ThreadLocalMap
instanceKlass java/lang/StringCoding
instanceKlass sun/misc/PostVMInitHook
instanceKlass java/lang/Void
instanceKlass java/lang/invoke/Invokers
instanceKlass java/lang/invoke/MethodTypeForm
instanceKlass java/lang/invoke/MethodHandleStatics$1
instanceKlass java/lang/invoke/MethodHandleStatics
instanceKlass java/lang/invoke/MethodType$ConcurrentWeakInternSet
instanceKlass java/lang/invoke/LambdaForm$NamedFunction
instanceKlass java/lang/invoke/MemberName$Factory
instanceKlass java/lang/invoke/MethodHandleImpl
instanceKlass java/lang/SystemClassLoaderAction
instanceKlass sun/misc/Launcher$AppClassLoader$1
instanceKlass sun/misc/URLClassPath
instanceKlass java/security/Principal
instanceKlass java/security/ProtectionDomain$Key
instanceKlass java/security/CodeSource
instanceKlass java/security/ProtectionDomain$3
instanceKlass sun/misc/JavaSecurityProtectionDomainAccess
instanceKlass java/security/ProtectionDomain$1
instanceKlass sun/misc/JavaSecurityAccess
instanceKlass java/net/URLStreamHandler
instanceKlass java/net/Parts
instanceKlass java/net/URL
instanceKlass java/util/BitSet
instanceKlass sun/net/www/ParseUtil
instanceKlass java/io/FileInputStream$1
instanceKlass java/lang/CharacterData
instanceKlass sun/util/locale/LocaleUtils
instanceKlass java/util/Locale$LocaleKey
instanceKlass sun/util/locale/BaseLocale$Key
instanceKlass sun/util/locale/BaseLocale
instanceKlass java/util/concurrent/ConcurrentHashMap$CollectionView
instanceKlass java/util/concurrent/ConcurrentHashMap$CounterCell
instanceKlass java/util/concurrent/ConcurrentHashMap$Node
instanceKlass java/util/concurrent/locks/ReentrantLock
instanceKlass java/util/concurrent/locks/Lock
instanceKlass java/util/concurrent/ConcurrentMap
instanceKlass sun/util/locale/LocaleObjectCache
instanceKlass java/util/Locale
instanceKlass java/lang/reflect/Array
instanceKlass java/nio/charset/CoderResult$Cache
instanceKlass java/nio/charset/CoderResult
instanceKlass java/nio/charset/CharsetDecoder
instanceKlass sun/nio/cs/ArrayDecoder
instanceKlass java/io/Reader
instanceKlass java/lang/Readable
instanceKlass sun/misc/MetaIndex
instanceKlass sun/misc/Launcher$ExtClassLoader$1
instanceKlass java/util/StringTokenizer
instanceKlass java/net/URLClassLoader$7
instanceKlass sun/misc/JavaNetAccess
instanceKlass java/lang/ClassLoader$ParallelLoaders
instanceKlass sun/security/util/Debug
instanceKlass sun/misc/Launcher$Factory
instanceKlass java/net/URLStreamHandlerFactory
instanceKlass sun/misc/Launcher
instanceKlass java/lang/Compiler$1
instanceKlass java/lang/Compiler
instanceKlass java/lang/System$2
instanceKlass sun/misc/JavaLangAccess
instanceKlass sun/io/Win32ErrorMode
instanceKlass sun/misc/OSEnvironment
instanceKlass java/lang/Integer$IntegerCache
instanceKlass sun/misc/NativeSignalHandler
instanceKlass sun/misc/Signal
instanceKlass java/lang/Terminator$1
instanceKlass sun/misc/SignalHandler
instanceKlass java/lang/Terminator
instanceKlass java/io/ExpiringCache$Entry
instanceKlass java/lang/ClassLoader$3
instanceKlass java/lang/ClassLoader$NativeLibrary
instanceKlass java/nio/file/Path
instanceKlass java/nio/file/Watchable
instanceKlass java/lang/Enum
instanceKlass java/io/ExpiringCache
instanceKlass java/io/FileSystem
instanceKlass java/io/DefaultFileSystem
instanceKlass java/io/File
instanceKlass java/nio/Bits$1
instanceKlass sun/misc/JavaNioAccess
instanceKlass java/nio/ByteOrder
instanceKlass java/nio/Bits
instanceKlass java/nio/charset/CodingErrorAction
instanceKlass java/nio/charset/CharsetEncoder
instanceKlass sun/nio/cs/ArrayEncoder
instanceKlass sun/reflect/ReflectionFactory$1
instanceKlass java/lang/Class$1
instanceKlass sun/nio/cs/SingleByte
instanceKlass sun/nio/cs/HistoricallyNamedCharset
instanceKlass java/util/Arrays
instanceKlass sun/security/action/GetPropertyAction
instanceKlass java/lang/ThreadLocal
instanceKlass java/nio/charset/spi/CharsetProvider
instanceKlass java/nio/charset/Charset
instanceKlass java/io/Writer
instanceKlass sun/reflect/misc/ReflectUtil
instanceKlass java/lang/reflect/ReflectAccess
instanceKlass sun/reflect/LangReflectAccess
instanceKlass java/lang/reflect/Modifier
instanceKlass sun/reflect/annotation/AnnotationType
instanceKlass java/lang/Class$AnnotationData
instanceKlass sun/reflect/generics/repository/AbstractRepository
instanceKlass java/lang/Class$Atomic
instanceKlass java/lang/Class$ReflectionData
instanceKlass java/lang/Class$3
instanceKlass java/util/concurrent/atomic/AtomicReferenceFieldUpdater$AtomicReferenceFieldUpdaterImpl$1
instanceKlass java/security/PrivilegedExceptionAction
instanceKlass java/util/concurrent/atomic/AtomicReferenceFieldUpdater
instanceKlass java/io/OutputStream
instanceKlass java/io/Flushable
instanceKlass java/util/HashMap$Node
instanceKlass sun/reflect/Reflection
instanceKlass java/util/Collections$UnmodifiableCollection
instanceKlass sun/misc/SharedSecrets
instanceKlass java/io/FileDescriptor$1
instanceKlass sun/misc/JavaIOFileDescriptorAccess
instanceKlass java/io/FileDescriptor
instanceKlass java/io/InputStream
instanceKlass java/io/Closeable
instanceKlass java/lang/AutoCloseable
instanceKlass sun/misc/Version
instanceKlass java/lang/Runtime
instanceKlass java/util/Hashtable$Enumerator
instanceKlass java/util/Iterator
instanceKlass java/util/Enumeration
instanceKlass java/util/Objects
instanceKlass java/util/Collections$SynchronizedCollection
instanceKlass java/util/AbstractMap
instanceKlass java/util/Collections
instanceKlass java/util/Set
instanceKlass java/lang/Math
instanceKlass java/util/Hashtable$Entry
instanceKlass java/util/Map$Entry
instanceKlass sun/misc/VM
instanceKlass java/lang/ref/ReferenceQueue$Lock
instanceKlass java/lang/ref/ReferenceQueue
instanceKlass java/lang/ref/Reference$Lock
instanceKlass sun/reflect/ReflectionFactory
instanceKlass java/util/AbstractCollection
instanceKlass java/util/RandomAccess
instanceKlass java/util/List
instanceKlass java/util/Collection
instanceKlass java/lang/Iterable
instanceKlass java/security/cert/Certificate
instanceKlass sun/reflect/ReflectionFactory$GetReflectionFactoryAction
instanceKlass java/security/PrivilegedAction
instanceKlass java/security/AccessController
instanceKlass java/security/Permission
instanceKlass java/security/Guard
instanceKlass java/lang/String$CaseInsensitiveComparator
instanceKlass java/util/Comparator
instanceKlass java/io/ObjectStreamField
instanceKlass java/lang/Number
instanceKlass java/lang/Character
instanceKlass java/lang/Boolean
instanceKlass java/nio/Buffer
instanceKlass java/lang/StackTraceElement
instanceKlass sun/misc/Unsafe
instanceKlass java/lang/AbstractStringBuilder
instanceKlass java/lang/Appendable
instanceKlass java/lang/invoke/CallSite
instanceKlass java/lang/invoke/MethodType
instanceKlass java/lang/invoke/LambdaForm
instanceKlass java/lang/invoke/MethodHandleNatives
instanceKlass java/lang/invoke/MemberName
instanceKlass java/lang/invoke/MethodHandle
instanceKlass sun/reflect/CallerSensitive
instanceKlass java/lang/annotation/Annotation
instanceKlass sun/reflect/FieldAccessor
instanceKlass sun/reflect/ConstantPool
instanceKlass sun/reflect/ConstructorAccessor
instanceKlass sun/reflect/MethodAccessor
instanceKlass sun/reflect/MagicAccessorImpl
instanceKlass java/lang/reflect/Parameter
instanceKlass java/lang/reflect/Member
instanceKlass java/lang/reflect/AccessibleObject
instanceKlass java/util/Dictionary
instanceKlass java/util/Map
instanceKlass java/lang/ThreadGroup
instanceKlass java/lang/Thread$UncaughtExceptionHandler
instanceKlass java/lang/Thread
instanceKlass java/lang/Runnable
instanceKlass java/lang/ref/Reference
instanceKlass java/security/AccessControlContext
instanceKlass java/security/ProtectionDomain
instanceKlass java/lang/SecurityManager
instanceKlass java/lang/Throwable
instanceKlass java/lang/System
instanceKlass java/lang/ClassLoader
instanceKlass java/lang/Cloneable
instanceKlass java/lang/Class
instanceKlass java/lang/reflect/Type
instanceKlass java/lang/reflect/GenericDeclaration
instanceKlass java/lang/reflect/AnnotatedElement
instanceKlass java/lang/String
instanceKlass java/lang/CharSequence
instanceKlass java/lang/Comparable
instanceKlass java/io/Serializable
