#
# There is insufficient memory for the Java Runtime Environment to continue.
# Native memory allocation (malloc) failed to allocate 32744 bytes for ChunkPool::allocate
# Possible reasons:
#   The system is out of physical RAM or swap space
#   In 32 bit mode, the process size limit was hit
# Possible solutions:
#   Reduce memory load on the system
#   Increase physical memory or swap space
#   Check if swap backing store is full
#   Use 64 bit Java on a 64 bit OS
#   Decrease Java heap size (-Xmx/-Xms)
#   Decrease number of Java threads
#   Decrease Java thread stack sizes (-Xss)
#   Set larger code cache with -XX:ReservedCodeCacheSize=
# This output file may be truncated or incomplete.
#
#  Out of Memory Error (allocation.cpp:271), pid=9740, tid=10120
#
# JRE version: Java(TM) SE Runtime Environment (8.0_05-b13) (build 1.8.0_05-b13)
# Java VM: Java HotSpot(TM) 64-Bit Server VM (25.5-b02 mixed mode windows-amd64 compressed oops)
# Failed to write core dump. Minidumps are not enabled by default on client versions of Windows
#

---------------  T H R E A D  ---------------

Current thread (0x000000001624a800):  JavaThread "C1 CompilerThread2" daemon [_thread_in_native, id=10120, stack(0x0000000016d50000,0x0000000016e50000)]

Stack: [0x0000000016d50000,0x0000000016e50000]
Native frames: (J=compiled Java code, j=interpreted, Vv=VM code, C=native code)
V  [jvm.dll+0x308dea]
V  [jvm.dll+0x25def1]
V  [jvm.dll+0x25eb0f]
V  [jvm.dll+0x2564e5]
V  [jvm.dll+0xbcd21]
V  [jvm.dll+0xbd45c]
V  [jvm.dll+0x3fb86b]
V  [jvm.dll+0x3fd9ac]
V  [jvm.dll+0x3ff2ad]
V  [jvm.dll+0x3ff6f4]
V  [jvm.dll+0x3de4a0]
V  [jvm.dll+0x3de870]
V  [jvm.dll+0x3de9a2]
V  [jvm.dll+0x3deb68]
V  [jvm.dll+0x3ded6f]
V  [jvm.dll+0x96702]
V  [jvm.dll+0x96ef3]
V  [jvm.dll+0x2232c4]
V  [jvm.dll+0x27baca]
C  [msvcr100.dll+0x21d9f]
C  [msvcr100.dll+0x21e3b]
C  [kernel32.dll+0x159ed]
C  [ntdll.dll+0x2c541]


Current CompileTask:
C1:  42028  375       3       java.nio.Buffer::<init> (121 bytes)


---------------  P R O C E S S  ---------------

Java Threads: ( => current thread )
  0x000000000027f000 JavaThread "DestroyJavaVM" [_thread_blocked, id=11744, stack(0x0000000002240000,0x0000000002340000)]
  0x00000000162a9000 JavaThread "Service Thread" daemon [_thread_blocked, id=13788, stack(0x0000000016ea0000,0x0000000016fa0000)]
=>0x000000001624a800 JavaThread "C1 CompilerThread2" daemon [_thread_in_native, id=10120, stack(0x0000000016d50000,0x0000000016e50000)]
  0x0000000016249000 JavaThread "C2 CompilerThread1" daemon [_thread_blocked, id=10804, stack(0x0000000016c20000,0x0000000016d20000)]
  0x0000000016245800 JavaThread "C2 CompilerThread0" daemon [_thread_blocked, id=9708, stack(0x00000000166b0000,0x00000000167b0000)]
  0x0000000016242800 JavaThread "Attach Listener" daemon [_thread_blocked, id=12864, stack(0x0000000016a20000,0x0000000016b20000)]
  0x0000000014fb4000 JavaThread "Signal Dispatcher" daemon [_thread_blocked, id=15324, stack(0x00000000167f0000,0x00000000168f0000)]
  0x0000000014f55000 JavaThread "Finalizer" daemon [_thread_blocked, id=13296, stack(0x0000000016140000,0x0000000016240000)]
  0x0000000014f4a000 JavaThread "Reference Handler" daemon [_thread_blocked, id=14108, stack(0x0000000015fe0000,0x00000000160e0000)]

Other Threads:
  0x0000000014f46000 VMThread [stack: 0x0000000015e70000,0x0000000015f70000] [id=2640]
  0x00000000162ac000 WatcherThread [stack: 0x0000000016fd0000,0x00000000170d0000] [id=5452]

VM state:not at safepoint (normal execution)

VM Mutex/Monitor currently owned by a thread: None

Heap:
 PSYoungGen      total 4608K, used 720K [0x00000000eb500000, 0x00000000eba80000, 0x0000000100000000)
  eden space 3584K, 5% used [0x00000000eb500000,0x00000000eb5328c0,0x00000000eb880000)
  from space 1024K, 50% used [0x00000000eb980000,0x00000000eba01af8,0x00000000eba80000)
  to   space 1024K, 0% used [0x00000000eb880000,0x00000000eb880000,0x00000000eb980000)
 ParOldGen       total 64000K, used 1220K [0x00000000c1e00000, 0x00000000c5c80000, 0x00000000eb500000)
  object space 64000K, 1% used [0x00000000c1e00000,0x00000000c1f31338,0x00000000c5c80000)
 Metaspace       used 5382K, capacity 5912K, committed 6144K, reserved 1056768K
  class space    used 638K, capacity 700K, committed 768K, reserved 1048576K

Card table byte_map: [0x00000000119d0000,0x0000000011bd0000] byte_map_base: 0x00000000113c1000

Marking Bits: (ParMarkBitMap*) 0x00000000709313b0
 Begin Bits: [0x00000000124b0000, 0x0000000013438000)
 End Bits:   [0x0000000013438000, 0x00000000143c0000)

Polling page: 0x0000000000240000

CodeCache: size=245760Kb used=1934Kb max_used=1945Kb free=243825Kb
 bounds [0x0000000002610000, 0x0000000002880000, 0x0000000011610000]
 total_blobs=642 nmethods=373 adapters=183
 compilation: enabled

Compilation events (10 events):
Event: 27.997 Thread 0x000000001624a800 nmethod 370 0x00000000027ee910 code [0x00000000027eea60, 0x00000000027eebd0]
Event: 27.997 Thread 0x000000001624a800  371       3       java.nio.Buffer::limit (62 bytes)
Event: 27.998 Thread 0x000000001624a800 nmethod 371 0x00000000027f35d0 code [0x00000000027f3740, 0x00000000027f3a28]
Event: 27.998 Thread 0x000000001624a800  372       3       java.nio.ByteBuffer::array (35 bytes)
Event: 28.023 Thread 0x000000001624a800 nmethod 372 0x00000000027f3ad0 code [0x00000000027f3c60, 0x00000000027f3f38]
Event: 28.023 Thread 0x000000001624a800  373       3       java.nio.Buffer::hasRemaining (17 bytes)
Event: 28.024 Thread 0x000000001624a800 nmethod 373 0x00000000027f4050 code [0x00000000027f41a0, 0x00000000027f4350]
Event: 28.024 Thread 0x000000001624a800  374       3       java.nio.CharBuffer::hasArray (20 bytes)
Event: 28.024 Thread 0x000000001624a800 nmethod 374 0x00000000027f43d0 code [0x00000000027f4520, 0x00000000027f4710]
Event: 28.263 Thread 0x000000001624a800  375       3       java.nio.Buffer::<init> (121 bytes)

GC Heap History (10 events):
Event: 10.133 GC heap before
{Heap before GC invocations=6 (full 0):
 PSYoungGen      total 1024K, used 1008K [0x00000000eb500000, 0x00000000eb800000, 0x0000000100000000)
  eden space 512K, 100% used [0x00000000eb500000,0x00000000eb580000,0x00000000eb580000)
  from space 512K, 96% used [0x00000000eb580000,0x00000000eb5fc010,0x00000000eb600000)
  to   space 1024K, 0% used [0x00000000eb700000,0x00000000eb700000,0x00000000eb800000)
 ParOldGen       total 64000K, used 476K [0x00000000c1e00000, 0x00000000c5c80000, 0x00000000eb500000)
  object space 64000K, 0% used [0x00000000c1e00000,0x00000000c1e772f8,0x00000000c5c80000)
 Metaspace       used 4125K, capacity 5016K, committed 5120K, reserved 1056768K
  class space    used 456K, capacity 508K, committed 512K, reserved 1048576K
Event: 10.212 GC heap after
Heap after GC invocations=6 (full 0):
 PSYoungGen      total 2048K, used 672K [0x00000000eb500000, 0x00000000eb800000, 0x0000000100000000)
  eden space 1024K, 0% used [0x00000000eb500000,0x00000000eb500000,0x00000000eb600000)
  from space 1024K, 65% used [0x00000000eb700000,0x00000000eb7a8020,0x00000000eb800000)
  to   space 1024K, 0% used [0x00000000eb600000,0x00000000eb600000,0x00000000eb700000)
 ParOldGen       total 64000K, used 476K [0x00000000c1e00000, 0x00000000c5c80000, 0x00000000eb500000)
  object space 64000K, 0% used [0x00000000c1e00000,0x00000000c1e772f8,0x00000000c5c80000)
 Metaspace       used 4125K, capacity 5016K, committed 5120K, reserved 1056768K
  class space    used 456K, capacity 508K, committed 512K, reserved 1048576K
}
Event: 11.165 GC heap before
{Heap before GC invocations=7 (full 0):
 PSYoungGen      total 2048K, used 1696K [0x00000000eb500000, 0x00000000eb800000, 0x0000000100000000)
  eden space 1024K, 100% used [0x00000000eb500000,0x00000000eb600000,0x00000000eb600000)
  from space 1024K, 65% used [0x00000000eb700000,0x00000000eb7a8020,0x00000000eb800000)
  to   space 1024K, 0% used [0x00000000eb600000,0x00000000eb600000,0x00000000eb700000)
 ParOldGen       total 64000K, used 476K [0x00000000c1e00000, 0x00000000c5c80000, 0x00000000eb500000)
  object space 64000K, 0% used [0x00000000c1e00000,0x00000000c1e772f8,0x00000000c5c80000)
 Metaspace       used 4327K, capacity 5176K, committed 5504K, reserved 1056768K
  class space    used 483K, capacity 540K, committed 640K, reserved 1048576K
Event: 11.209 GC heap after
Heap after GC invocations=7 (full 0):
 PSYoungGen      total 2048K, used 531K [0x00000000eb500000, 0x00000000eb900000, 0x0000000100000000)
  eden space 1024K, 0% used [0x00000000eb500000,0x00000000eb500000,0x00000000eb600000)
  from space 1024K, 51% used [0x00000000eb600000,0x00000000eb684fe0,0x00000000eb700000)
  to   space 1024K, 0% used [0x00000000eb800000,0x00000000eb800000,0x00000000eb900000)
 ParOldGen       total 64000K, used 836K [0x00000000c1e00000, 0x00000000c5c80000, 0x00000000eb500000)
  object space 64000K, 1% used [0x00000000c1e00000,0x00000000c1ed1338,0x00000000c5c80000)
 Metaspace       used 4327K, capacity 5176K, committed 5504K, reserved 1056768K
  class space    used 483K, capacity 540K, committed 640K, reserved 1048576K
}
Event: 11.700 GC heap before
{Heap before GC invocations=8 (full 0):
 PSYoungGen      total 2048K, used 1555K [0x00000000eb500000, 0x00000000eb900000, 0x0000000100000000)
  eden space 1024K, 100% used [0x00000000eb500000,0x00000000eb600000,0x00000000eb600000)
  from space 1024K, 51% used [0x00000000eb600000,0x00000000eb684fe0,0x00000000eb700000)
  to   space 1024K, 0% used [0x00000000eb800000,0x00000000eb800000,0x00000000eb900000)
 ParOldGen       total 64000K, used 836K [0x00000000c1e00000, 0x00000000c5c80000, 0x00000000eb500000)
  object space 64000K, 1% used [0x00000000c1e00000,0x00000000c1ed1338,0x00000000c5c80000)
 Metaspace       used 4457K, capacity 5240K, committed 5504K, reserved 1056768K
  class space    used 506K, capacity 540K, committed 640K, reserved 1048576K
Event: 11.741 GC heap after
Heap after GC invocations=8 (full 0):
 PSYoungGen      total 3072K, used 416K [0x00000000eb500000, 0x00000000eb900000, 0x0000000100000000)
  eden space 2048K, 0% used [0x00000000eb500000,0x00000000eb500000,0x00000000eb700000)
  from space 1024K, 40% used [0x00000000eb800000,0x00000000eb868000,0x00000000eb900000)
  to   space 1024K, 0% used [0x00000000eb700000,0x00000000eb700000,0x00000000eb800000)
 ParOldGen       total 64000K, used 932K [0x00000000c1e00000, 0x00000000c5c80000, 0x00000000eb500000)
  object space 64000K, 1% used [0x00000000c1e00000,0x00000000c1ee9338,0x00000000c5c80000)
 Metaspace       used 4457K, capacity 5240K, committed 5504K, reserved 1056768K
  class space    used 506K, capacity 540K, committed 640K, reserved 1048576K
}
Event: 19.121 GC heap before
{Heap before GC invocations=9 (full 0):
 PSYoungGen      total 3072K, used 2464K [0x00000000eb500000, 0x00000000eb900000, 0x0000000100000000)
  eden space 2048K, 100% used [0x00000000eb500000,0x00000000eb700000,0x00000000eb700000)
  from space 1024K, 40% used [0x00000000eb800000,0x00000000eb868000,0x00000000eb900000)
  to   space 1024K, 0% used [0x00000000eb700000,0x00000000eb700000,0x00000000eb800000)
 ParOldGen       total 64000K, used 932K [0x00000000c1e00000, 0x00000000c5c80000, 0x00000000eb500000)
  object space 64000K, 1% used [0x00000000c1e00000,0x00000000c1ee9338,0x00000000c5c80000)
 Metaspace       used 5014K, capacity 5592K, committed 5760K, reserved 1056768K
  class space    used 585K, capacity 636K, committed 640K, reserved 1048576K
Event: 20.472 GC heap after
Heap after GC invocations=9 (full 0):
 PSYoungGen      total 3072K, used 573K [0x00000000eb500000, 0x00000000eba80000, 0x0000000100000000)
  eden space 2048K, 0% used [0x00000000eb500000,0x00000000eb500000,0x00000000eb700000)
  from space 1024K, 55% used [0x00000000eb700000,0x00000000eb78f448,0x00000000eb800000)
  to   space 1024K, 0% used [0x00000000eb980000,0x00000000eb980000,0x00000000eba80000)
 ParOldGen       total 64000K, used 1140K [0x00000000c1e00000, 0x00000000c5c80000, 0x00000000eb500000)
  object space 64000K, 1% used [0x00000000c1e00000,0x00000000c1f1d338,0x00000000c5c80000)
 Metaspace       used 5014K, capacity 5592K, committed 5760K, reserved 1056768K
  class space    used 585K, capacity 636K, committed 640K, reserved 1048576K
}
Event: 24.975 GC heap before
{Heap before GC invocations=10 (full 0):
 PSYoungGen      total 3072K, used 2621K [0x00000000eb500000, 0x00000000eba80000, 0x0000000100000000)
  eden space 2048K, 100% used [0x00000000eb500000,0x00000000eb700000,0x00000000eb700000)
  from space 1024K, 55% used [0x00000000eb700000,0x00000000eb78f448,0x00000000eb800000)
  to   space 1024K, 0% used [0x00000000eb980000,0x00000000eb980000,0x00000000eba80000)
 ParOldGen       total 64000K, used 1140K [0x00000000c1e00000, 0x00000000c5c80000, 0x00000000eb500000)
  object space 64000K, 1% used [0x00000000c1e00000,0x00000000c1f1d338,0x00000000c5c80000)
 Metaspace       used 5359K, capacity 5880K, committed 6144K, reserved 1056768K
  class space    used 633K, capacity 668K, committed 768K, reserved 1048576K
Event: 26.969 GC heap after
Heap after GC invocations=10 (full 0):
 PSYoungGen      total 4608K, used 518K [0x00000000eb500000, 0x00000000eba80000, 0x0000000100000000)
  eden space 3584K, 0% used [0x00000000eb500000,0x00000000eb500000,0x00000000eb880000)
  from space 1024K, 50% used [0x00000000eb980000,0x00000000eba01af8,0x00000000eba80000)
  to   space 1024K, 0% used [0x00000000eb880000,0x00000000eb880000,0x00000000eb980000)
 ParOldGen       total 64000K, used 1220K [0x00000000c1e00000, 0x00000000c5c80000, 0x00000000eb500000)
  object space 64000K, 1% used [0x00000000c1e00000,0x00000000c1f31338,0x00000000c5c80000)
 Metaspace       used 5359K, capacity 5880K, committed 6144K, reserved 1056768K
  class space    used 633K, capacity 668K, committed 768K, reserved 1048576K
}

Deoptimization events (0 events):
No events

Internal exceptions (10 events):
Event: 24.769 Thread 0x000000000027f000 Exception <a 'java/security/PrivilegedActionException'> (0x00000000eb6e7b60) thrown at [D:\re\workspace\8-2-build-windows-amd64-cygwin\jdk8u5\2488\hotspot\src\share\vm\prims\jvm.cpp, line 1248]
Event: 24.881 Thread 0x000000000027f000 Exception <a 'java/security/PrivilegedActionException'> (0x00000000eb6edb80) thrown at [D:\re\workspace\8-2-build-windows-amd64-cygwin\jdk8u5\2488\hotspot\src\share\vm\prims\jvm.cpp, line 1248]
Event: 24.881 Thread 0x000000000027f000 Exception <a 'java/security/PrivilegedActionException'> (0x00000000eb6ee550) thrown at [D:\re\workspace\8-2-build-windows-amd64-cygwin\jdk8u5\2488\hotspot\src\share\vm\prims\jvm.cpp, line 1248]
Event: 24.881 Thread 0x000000000027f000 Exception <a 'java/security/PrivilegedActionException'> (0x00000000eb6f4d68) thrown at [D:\re\workspace\8-2-build-windows-amd64-cygwin\jdk8u5\2488\hotspot\src\share\vm\prims\jvm.cpp, line 1248]
Event: 24.881 Thread 0x000000000027f000 Exception <a 'java/security/PrivilegedActionException'> (0x00000000eb6f56e8) thrown at [D:\re\workspace\8-2-build-windows-amd64-cygwin\jdk8u5\2488\hotspot\src\share\vm\prims\jvm.cpp, line 1248]
Event: 24.924 Thread 0x000000000027f000 Exception <a 'java/security/PrivilegedActionException'> (0x00000000eb6fb510) thrown at [D:\re\workspace\8-2-build-windows-amd64-cygwin\jdk8u5\2488\hotspot\src\share\vm\prims\jvm.cpp, line 1248]
Event: 24.924 Thread 0x000000000027f000 Exception <a 'java/security/PrivilegedActionException'> (0x00000000eb6fbe80) thrown at [D:\re\workspace\8-2-build-windows-amd64-cygwin\jdk8u5\2488\hotspot\src\share\vm\prims\jvm.cpp, line 1248]
Event: 27.105 Thread 0x000000000027f000 Exception <a 'java/lang/OutOfMemoryError': (class: com/google/common/collect/RegularImmutableMap, method: get signature: (Ljava/lang/Object;)Ljava/lang/Object;) > (0x00000000eb5017f0) thrown at [D:\re\workspace\8-2-build-windows-amd64-cygwin\jdk8u5\2488\ho’ØCHå;@
Event: 27.105 Thread 0x000000000027f000 Exception <a 'java/lang/OutOfMemoryError'> (0x00000000eb5017f0) thrown at [D:\re\workspace\8-2-build-windows-amd64-cygwin\jdk8u5\2488\hotspot\src\share\vm\oops\instanceKlass.cpp, line 918]
Event: 27.340 Thread 0x000000000027f000 Exception <a 'java/lang/reflect/InvocationTargetException'> (0x00000000eb5019a0) thrown at [D:\re\workspace\8-2-build-windows-amd64-cygwin\jdk8u5\2488\hotspot\src\share\vm\runtime\reflection.cpp, line 1079]

Events (10 events):
Event: 24.924 loading class com/google/common/collect/RegularImmutableMap$Values
Event: 24.924 loading class com/google/common/collect/RegularImmutableMap$Values done
Event: 24.953 Executing VM operation: ParallelGCFailedAllocation
Event: 26.970 Executing VM operation: ParallelGCFailedAllocation done
Event: 28.071 loading class java/lang/Throwable$WrappedPrintStream
Event: 28.113 loading class java/lang/Throwable$PrintStreamOrWriter
Event: 28.114 loading class java/lang/Throwable$PrintStreamOrWriter done
Event: 28.114 loading class java/lang/Throwable$WrappedPrintStream done
Event: 28.224 loading class java/util/IdentityHashMap$KeySet
Event: 28.224 loading class java/util/IdentityHashMap$KeySet done


Dynamic libraries:
0x000000013fcd0000 - 0x000000013fd04000 	C:\Program Files\Java\jdk1.8.0_05\bin\java.exe
0x0000000077a10000 - 0x0000000077bb9000 	C:\Windows\SYSTEM32\ntdll.dll
0x00000000777f0000 - 0x000000007790f000 	C:\Windows\system32\kernel32.dll
0x000007fefdb50000 - 0x000007fefdbbc000 	C:\Windows\system32\KERNELBASE.dll
0x000007fefe6b0000 - 0x000007fefe78b000 	C:\Windows\system32\ADVAPI32.DLL
0x000007feff980000 - 0x000007feffa1f000 	C:\Windows\system32\msvcrt.dll
0x000007fefe990000 - 0x000007fefe9af000 	C:\Windows\SYSTEM32\sechost.dll
0x000007feff850000 - 0x000007feff97d000 	C:\Windows\system32\RPCRT4.dll
0x0000000077910000 - 0x0000000077a0a000 	C:\Windows\system32\USER32.dll
0x000007fefe790000 - 0x000007fefe7f7000 	C:\Windows\system32\GDI32.dll
0x000007fefe980000 - 0x000007fefe98e000 	C:\Windows\system32\LPK.dll
0x000007fefe8b0000 - 0x000007fefe979000 	C:\Windows\system32\USP10.dll
0x000007fefc240000 - 0x000007fefc434000 	C:\Windows\WinSxS\amd64_microsoft.windows.common-controls_6595b64144ccf1df_6.0.7601.17514_none_fa396087175ac9ac\COMCTL32.dll
0x000007fefde10000 - 0x000007fefde81000 	C:\Windows\system32\SHLWAPI.dll
0x000007feffcf0000 - 0x000007feffd1e000 	C:\Windows\system32\IMM32.DLL
0x000007fefe9b0000 - 0x000007fefeab9000 	C:\Windows\system32\MSCTF.dll
0x00000000545a0000 - 0x0000000054672000 	C:\Program Files\Java\jdk1.8.0_05\jre\bin\msvcr100.dll
0x0000000070180000 - 0x00000000709aa000 	C:\Program Files\Java\jdk1.8.0_05\jre\bin\server\jvm.dll
0x000007fef5a70000 - 0x000007fef5a79000 	C:\Windows\system32\WSOCK32.dll
0x000007fefe860000 - 0x000007fefe8ad000 	C:\Windows\system32\WS2_32.dll
0x000007fefe140000 - 0x000007fefe148000 	C:\Windows\system32\NSI.dll
0x000007fefb8f0000 - 0x000007fefb92b000 	C:\Windows\system32\WINMM.dll
0x0000000077bd0000 - 0x0000000077bd7000 	C:\Windows\system32\PSAPI.DLL
0x0000000071550000 - 0x000000007155f000 	C:\Program Files\Java\jdk1.8.0_05\jre\bin\verify.dll
0x000000006ca40000 - 0x000000006ca68000 	C:\Program Files\Java\jdk1.8.0_05\jre\bin\java.dll
0x0000000050000000 - 0x0000000050016000 	C:\Program Files\Java\jdk1.8.0_05\jre\bin\zip.dll
0x000007fefeac0000 - 0x000007feff848000 	C:\Windows\system32\SHELL32.dll
0x000007fefdbe0000 - 0x000007fefdde3000 	C:\Windows\system32\ole32.dll
0x000007fefd830000 - 0x000007fefd83f000 	C:\Windows\system32\profapi.dll
0x000007fef6460000 - 0x000007fef6585000 	C:\Windows\system32\dbghelp.dll

VM Arguments:
jvm_args: -Dclassworlds.conf=C:\Program Files\NetBeans 8.0.1\java\maven\bin\m2.conf -Dmaven.home=C:\Program Files\NetBeans 8.0.1\java\maven 
java_command: org.codehaus.plexus.classworlds.launcher.Launcher -Dmaven.ext.class.path=C:\Program Files\NetBeans 8.0.1\java\maven-nblib\netbeans-eventspy.jar clean
java_class_path (initial): C:\Program Files\NetBeans 8.0.1\java\maven\boot\plexus-classworlds-2.4.jar
Launcher Type: SUN_STANDARD

Environment Variables:
JAVA_HOME=C:\Program Files\Java\jdk1.8.0_05
PATH=C:\Windows\system32;C:\Windows;C:\Windows\System32\Wbem;C:\Windows\System32\WindowsPowerShell\v1.0\;C:\Program Files\TortoiseSVN\bin;C:\Program Files (x86)\Git\cmd;C:\Program Files\SlikSvn\bin;C:\Program Files (x86)\Sophos\Sophos SSL VPN Client\bin
USERNAME=rolando.amarillo
OS=Windows_NT
PROCESSOR_IDENTIFIER=Intel64 Family 6 Model 58 Stepping 9, GenuineIntel



---------------  S Y S T E M  ---------------

OS: Windows 7 , 64 bit Build 7601 Service Pack 1

CPU:total 4 (2 cores per cpu, 2 threads per core) family 6 model 58 stepping 9, cmov, cx8, fxsr, mmx, sse, sse2, sse3, ssse3, sse4.1, sse4.2, popcnt, avx, aes, clmul, erms, ht, tsc, tscinvbit

Memory: 4k page, physical 4064600k(1272008k free), swap 16256536k(4153408k free)

vm_info: Java HotSpot(TM) 64-Bit Server VM (25.5-b02) for windows-amd64 JRE (1.8.0_05-b13), built on Mar 18 2014 01:08:39 by "java_re" with MS VC++ 10.0 (VS2010)

time: Tue Nov 11 19:10:59 2014
elapsed time: 42 seconds

